#
# There is insufficient memory for the Java Runtime Environment to continue.
# Native memory allocation (mmap) failed to map 54525952 bytes. Error detail: G1 virtual space
# Possible reasons:
#   The system is out of physical RAM or swap space
#   This process is running with CompressedOops enabled, and the Java Heap may be blocking the growth of the native heap
# Possible solutions:
#   Reduce memory load on the system
#   Increase physical memory or swap space
#   Check if swap backing store is full
#   Decrease Java heap size (-Xmx/-Xms)
#   Decrease number of Java threads
#   Decrease Java thread stack sizes (-Xss)
#   Set larger code cache with -XX:ReservedCodeCacheSize=
#   JVM is running with Unscaled Compressed Oops mode in which the Java heap is
#     placed in the first 4GB address space. The Java Heap base address is the
#     maximum limit for the native heap growth. Please use -XX:HeapBaseMinAddress
#     to set the Java Heap base and to place the Java Heap above 4GB virtual address.
# This output file may be truncated or incomplete.
#
#  Out of Memory Error (os_windows.cpp:3679), pid=11672, tid=12376
#
# JRE version: OpenJDK Runtime Environment Microsoft-10376486 (17.0.13+11) (build 17.0.13+11-LTS)
# Java VM: OpenJDK 64-Bit Server VM Microsoft-10376486 (17.0.13+11-LTS, mixed mode, sharing, tiered, compressed oops, compressed class ptrs, g1 gc, windows-amd64)
# No core dump will be written. Minidumps are not enabled by default on client versions of Windows
#

---------------  S U M M A R Y ------------

Command Line: --add-opens=java.base/java.lang=ALL-UNNAMED --add-opens=java.base/java.lang.invoke=ALL-UNNAMED --add-opens=java.base/java.util=ALL-UNNAMED --add-opens=java.prefs/java.util.prefs=ALL-UNNAMED --add-exports=jdk.compiler/com.sun.tools.javac.api=ALL-UNNAMED --add-exports=jdk.compiler/com.sun.tools.javac.util=ALL-UNNAMED --add-opens=java.base/java.util=ALL-UNNAMED --add-opens=java.prefs/java.util.prefs=ALL-UNNAMED --add-opens=java.base/java.nio.charset=ALL-UNNAMED --add-opens=java.base/java.net=ALL-UNNAMED --add-opens=java.base/java.util.concurrent.atomic=ALL-UNNAMED --add-opens=java.xml/javax.xml.namespace=ALL-UNNAMED -XX:MaxMetaspaceSize=512m -Xmx2048m -Dfile.encoding=windows-1252 -Duser.country=US -Duser.language=en -Duser.variant -javaagent:C:\Users\Sohain\.gradle\wrapper\dists\gradle-8.13-bin\5xuhj0ry160q40clulazy9h7d\gradle-8.13\lib\agents\gradle-instrumentation-agent-8.13.jar org.gradle.launcher.daemon.bootstrap.GradleDaemon 8.13

Host: Intel(R) Core(TM) i7-4610M CPU @ 3.00GHz, 4 cores, 7G,  Windows 10 , 64 bit Build 19041 (10.0.19041.5678)
Time: Sat Apr 19 21:19:55 2025 Pakistan Standard Time elapsed time: 264.733980 seconds (0d 0h 4m 24s)

---------------  T H R E A D  ---------------

Current thread (0x0000011f9d902190):  VMThread "VM Thread" [stack: 0x000000081e900000,0x000000081ea00000] [id=12376]

Stack: [0x000000081e900000,0x000000081ea00000]
Native frames: (J=compiled Java code, j=interpreted, Vv=VM code, C=native code)
V  [jvm.dll+0x687fc9]
V  [jvm.dll+0x83eeb8]
V  [jvm.dll+0x840963]
V  [jvm.dll+0x840fd3]
V  [jvm.dll+0x24951f]
V  [jvm.dll+0x684f89]
V  [jvm.dll+0x6794aa]
V  [jvm.dll+0x30ad27]
V  [jvm.dll+0x312296]
V  [jvm.dll+0x362bde]
V  [jvm.dll+0x362e1d]
V  [jvm.dll+0x2e1fbc]
V  [jvm.dll+0x2e0369]
V  [jvm.dll+0x2dfacc]
V  [jvm.dll+0x32267b]
V  [jvm.dll+0x84580d]
V  [jvm.dll+0x846543]
V  [jvm.dll+0x846a6f]
V  [jvm.dll+0x846e54]
V  [jvm.dll+0x846f1e]
V  [jvm.dll+0x7eea6c]
V  [jvm.dll+0x686ea7]
C  [ucrtbase.dll+0x21bb2]
C  [KERNEL32.DLL+0x17374]
C  [ntdll.dll+0x4cc91]

VM_Operation (0x00000008229f7170): G1CollectForAllocation, mode: safepoint, requested by thread 0x0000011fbf923ec0


---------------  P R O C E S S  ---------------

Threads class SMR info:
_java_thread_list=0x0000011fc80ce3f0, length=94, elements={
0x0000011fffd12760, 0x0000011f9d908650, 0x0000011f9d9091e0, 0x0000011f9d921910,
0x0000011f9d923350, 0x0000011f9d923c20, 0x0000011f9d9244f0, 0x0000011f9d9250f0,
0x0000011f9d981ff0, 0x0000011f9d9c0040, 0x0000011f9d8f0230, 0x0000011f9daf0db0,
0x0000011fbdb09ec0, 0x0000011f9dcfdf50, 0x0000011fbe5a68c0, 0x0000011f9db20580,
0x0000011fbe522020, 0x0000011fbe449470, 0x0000011fbe447610, 0x0000011fbe449980,
0x0000011fbe449e90, 0x0000011fbe448a50, 0x0000011fbe448f60, 0x0000011fbe447b20,
0x0000011fbe44a8b0, 0x0000011fbed4b5d0, 0x0000011fbed47e20, 0x0000011fbed4c500,
0x0000011fbed49770, 0x0000011fbed46ef0, 0x0000011fbed48840, 0x0000011fbed4bff0,
0x0000011fbed48d50, 0x0000011fbed47910, 0x0000011fbed4b0c0, 0x0000011fbed49c80,
0x0000011fbed4ca10, 0x0000011fbed4cf20, 0x0000011fbed4a190, 0x0000011fbed4abb0,
0x0000011fbed469e0, 0x0000011fc0c50ed0, 0x0000011fc0c513e0, 0x0000011fc0c518f0,
0x0000011fc0c51e00, 0x0000011fc0c52310, 0x0000011fc0c4eb60, 0x0000011fc0c4f070,
0x0000011fc0c4ffa0, 0x0000011fc0c4f580, 0x0000011fc0c504b0, 0x0000011fc0c509c0,
0x0000011fbf922570, 0x0000011fbf923ec0, 0x0000011fbf9243d0, 0x0000011fbf9248e0,
0x0000011fbf925300, 0x0000011fbf922060, 0x0000011fbf922a80, 0x0000011fc07368e0,
0x0000011fc07359b0, 0x0000011fc0734a80, 0x0000011fc0737810, 0x0000011fc0734f90,
0x0000011fc0734060, 0x0000011fc0736df0, 0x0000011fc07354a0, 0x0000011fc0734570,
0x0000011fc0737300, 0x0000011fc0735ec0, 0x0000011fc07363d0, 0x0000011fc0b93d70,
0x0000011fc0b95bd0, 0x0000011fc0b965f0, 0x0000011fc0b98450, 0x0000011fc0b94ca0,
0x0000011fc0b93860, 0x0000011fc0b96b00, 0x0000011fc0b92e40, 0x0000011fc0b97010,
0x0000011fc0b956c0, 0x0000011fc0b92420, 0x0000011fc0b91f10, 0x0000011fc0b94280,
0x0000011fc0b94790, 0x0000011fc0b97520, 0x0000011fc0b914f0, 0x0000011fbed4d430,
0x0000011fc2a40a20, 0x0000011fc2a3d270, 0x0000011fc2a39ac0, 0x0000011fc2a3af00,
0x0000011fc2a3b920, 0x0000011fc2a3c850
}

Java Threads: ( => current thread )
  0x0000011fffd12760 JavaThread "main" [_thread_blocked, id=5848, stack(0x000000081e300000,0x000000081e400000)]
  0x0000011f9d908650 JavaThread "Reference Handler" daemon [_thread_blocked, id=10332, stack(0x000000081ea00000,0x000000081eb00000)]
  0x0000011f9d9091e0 JavaThread "Finalizer" daemon [_thread_blocked, id=10592, stack(0x000000081eb00000,0x000000081ec00000)]
  0x0000011f9d921910 JavaThread "Signal Dispatcher" daemon [_thread_blocked, id=11704, stack(0x000000081ec00000,0x000000081ed00000)]
  0x0000011f9d923350 JavaThread "Attach Listener" daemon [_thread_blocked, id=12688, stack(0x000000081ed00000,0x000000081ee00000)]
  0x0000011f9d923c20 JavaThread "Service Thread" daemon [_thread_blocked, id=7744, stack(0x000000081ee00000,0x000000081ef00000)]
  0x0000011f9d9244f0 JavaThread "Monitor Deflation Thread" daemon [_thread_blocked, id=8988, stack(0x000000081ef00000,0x000000081f000000)]
  0x0000011f9d9250f0 JavaThread "C2 CompilerThread0" daemon [_thread_blocked, id=11940, stack(0x000000081f000000,0x000000081f100000)]
  0x0000011f9d981ff0 JavaThread "C1 CompilerThread0" daemon [_thread_blocked, id=3372, stack(0x000000081f100000,0x000000081f200000)]
  0x0000011f9d9c0040 JavaThread "Sweeper thread" daemon [_thread_blocked, id=1052, stack(0x000000081f200000,0x000000081f300000)]
  0x0000011f9d8f0230 JavaThread "Common-Cleaner" daemon [_thread_blocked, id=9772, stack(0x000000081f300000,0x000000081f400000)]
  0x0000011f9daf0db0 JavaThread "Notification Thread" daemon [_thread_blocked, id=8376, stack(0x000000081f400000,0x000000081f500000)]
  0x0000011fbdb09ec0 JavaThread "Daemon health stats" [_thread_blocked, id=13240, stack(0x000000081fa00000,0x000000081fb00000)]
  0x0000011f9dcfdf50 JavaThread "Incoming local TCP Connector on port 52063" [_thread_in_native, id=108, stack(0x000000081f900000,0x000000081fa00000)]
  0x0000011fbe5a68c0 JavaThread "Daemon periodic checks" [_thread_blocked, id=5360, stack(0x000000081fb00000,0x000000081fc00000)]
  0x0000011f9db20580 JavaThread "Daemon" [_thread_blocked, id=9732, stack(0x000000081fd00000,0x000000081fe00000)]
  0x0000011fbe522020 JavaThread "Handler for socket connection from /127.0.0.1:52063 to /127.0.0.1:52066" [_thread_in_native, id=11136, stack(0x000000081fe00000,0x000000081ff00000)]
  0x0000011fbe449470 JavaThread "Cancel handler" [_thread_blocked, id=9596, stack(0x000000081ff00000,0x0000000820000000)]
  0x0000011fbe447610 JavaThread "Daemon worker" [_thread_blocked, id=8168, stack(0x0000000820000000,0x0000000820100000)]
  0x0000011fbe449980 JavaThread "Asynchronous log dispatcher for DefaultDaemonConnection: socket connection from /127.0.0.1:52063 to /127.0.0.1:52066" [_thread_blocked, id=8916, stack(0x0000000820100000,0x0000000820200000)]
  0x0000011fbe449e90 JavaThread "Stdin handler" [_thread_blocked, id=12732, stack(0x0000000820200000,0x0000000820300000)]
  0x0000011fbe448a50 JavaThread "Daemon client event forwarder" [_thread_blocked, id=11024, stack(0x0000000820300000,0x0000000820400000)]
  0x0000011fbe448f60 JavaThread "Cache worker for journal cache (C:\Users\Sohain\.gradle\caches\journal-1)" [_thread_blocked, id=12440, stack(0x0000000820400000,0x0000000820500000)]
  0x0000011fbe447b20 JavaThread "File lock request listener" [_thread_in_native, id=5228, stack(0x0000000820500000,0x0000000820600000)]
  0x0000011fbe44a8b0 JavaThread "Cache worker for file hash cache (C:\Users\Sohain\.gradle\caches\8.13\fileHashes)" [_thread_blocked, id=7568, stack(0x0000000820600000,0x0000000820700000)]
  0x0000011fbed4b5d0 JavaThread "Cache worker for file hash cache (D:\Module B\React Native\JP Lectures\new_app\android\.gradle\8.13\fileHashes)" [_thread_blocked, id=10772, stack(0x0000000820800000,0x0000000820900000)]
  0x0000011fbed47e20 JavaThread "Cache worker for Build Output Cleanup Cache (D:\Module B\React Native\JP Lectures\new_app\android\.gradle\buildOutputCleanup)" [_thread_blocked, id=7076, stack(0x0000000820900000,0x0000000820a00000)]
  0x0000011fbed4c500 JavaThread "File watcher server" daemon [_thread_blocked, id=10456, stack(0x0000000820700000,0x0000000820800000)]
  0x0000011fbed49770 JavaThread "File watcher consumer" daemon [_thread_blocked, id=1792, stack(0x0000000820a00000,0x0000000820b00000)]
  0x0000011fbed46ef0 JavaThread "jar transforms" [_thread_blocked, id=8492, stack(0x0000000820c00000,0x0000000820d00000)]
  0x0000011fbed48840 JavaThread "Cache worker for checksums cache (D:\Module B\React Native\JP Lectures\new_app\android\.gradle\8.13\checksums)" [_thread_blocked, id=7880, stack(0x0000000820d00000,0x0000000820e00000)]
  0x0000011fbed4bff0 JavaThread "Cache worker for file content cache (C:\Users\Sohain\.gradle\caches\8.13\fileContent)" [_thread_blocked, id=9016, stack(0x0000000820e00000,0x0000000820f00000)]
  0x0000011fbed48d50 JavaThread "Cache worker for cache directory md-supplier (C:\Users\Sohain\.gradle\caches\8.13\md-supplier)" [_thread_blocked, id=11876, stack(0x0000000821000000,0x0000000821100000)]
  0x0000011fbed47910 JavaThread "Cache worker for cache directory md-rule (C:\Users\Sohain\.gradle\caches\8.13\md-rule)" [_thread_blocked, id=8756, stack(0x0000000821100000,0x0000000821200000)]
  0x0000011fbed4b0c0 JavaThread "Cache worker for Build Output Cleanup Cache (D:\Module B\React Native\JP Lectures\new_app\node_modules\@react-native\gradle-plugin\.gradle\buildOutputCleanup)" [_thread_blocked, id=6160, stack(0x0000000821200000,0x0000000821300000)]
  0x0000011fbed49c80 JavaThread "Unconstrained build operations" [_thread_blocked, id=10100, stack(0x0000000820f00000,0x0000000821000000)]
  0x0000011fbed4ca10 JavaThread "Unconstrained build operations Thread 2" [_thread_blocked, id=12760, stack(0x0000000821300000,0x0000000821400000)]
  0x0000011fbed4cf20 JavaThread "Unconstrained build operations Thread 3" [_thread_blocked, id=4740, stack(0x0000000821400000,0x0000000821500000)]
  0x0000011fbed4a190 JavaThread "Unconstrained build operations Thread 4" [_thread_blocked, id=12896, stack(0x0000000821500000,0x0000000821600000)]
  0x0000011fbed4abb0 JavaThread "Unconstrained build operations Thread 5" [_thread_blocked, id=5128, stack(0x0000000821600000,0x0000000821700000)]
  0x0000011fbed469e0 JavaThread "Unconstrained build operations Thread 6" [_thread_blocked, id=6516, stack(0x0000000821700000,0x0000000821800000)]
  0x0000011fc0c50ed0 JavaThread "Unconstrained build operations Thread 7" [_thread_blocked, id=5564, stack(0x0000000821b00000,0x0000000821c00000)]
  0x0000011fc0c513e0 JavaThread "Unconstrained build operations Thread 8" [_thread_blocked, id=4616, stack(0x0000000821c00000,0x0000000821d00000)]
  0x0000011fc0c518f0 JavaThread "Unconstrained build operations Thread 9" [_thread_blocked, id=5396, stack(0x0000000821d00000,0x0000000821e00000)]
  0x0000011fc0c51e00 JavaThread "Unconstrained build operations Thread 10" [_thread_blocked, id=4092, stack(0x0000000821e00000,0x0000000821f00000)]
  0x0000011fc0c52310 JavaThread "Unconstrained build operations Thread 11" [_thread_blocked, id=192, stack(0x0000000821f00000,0x0000000822000000)]
  0x0000011fc0c4eb60 JavaThread "Unconstrained build operations Thread 12" [_thread_blocked, id=8648, stack(0x0000000822000000,0x0000000822100000)]
  0x0000011fc0c4f070 JavaThread "Unconstrained build operations Thread 13" [_thread_blocked, id=9932, stack(0x0000000822100000,0x0000000822200000)]
  0x0000011fc0c4ffa0 JavaThread "Unconstrained build operations Thread 14" [_thread_blocked, id=8844, stack(0x0000000822200000,0x0000000822300000)]
  0x0000011fc0c4f580 JavaThread "Unconstrained build operations Thread 15" [_thread_blocked, id=12720, stack(0x0000000822300000,0x0000000822400000)]
  0x0000011fc0c504b0 JavaThread "build event listener" [_thread_blocked, id=13020, stack(0x0000000821800000,0x0000000821900000)]
  0x0000011fc0c509c0 JavaThread "Memory manager" [_thread_blocked, id=1060, stack(0x0000000822400000,0x0000000822500000)]
  0x0000011fbf922570 JavaThread "ForkJoinPool.commonPool-worker-3" daemon [_thread_blocked, id=9892, stack(0x0000000822800000,0x0000000822900000)]
  0x0000011fbf923ec0 JavaThread "included builds" [_thread_blocked, id=4980, stack(0x0000000822900000,0x0000000822a00000)]
  0x0000011fbf9243d0 JavaThread "Execution worker" [_thread_blocked, id=4044, stack(0x0000000822a00000,0x0000000822b00000)]
  0x0000011fbf9248e0 JavaThread "Execution worker Thread 2" [_thread_blocked, id=6324, stack(0x0000000822b00000,0x0000000822c00000)]
  0x0000011fbf925300 JavaThread "Execution worker Thread 3" [_thread_blocked, id=4496, stack(0x0000000822c00000,0x0000000822d00000)]
  0x0000011fbf922060 JavaThread "Cache worker for execution history cache (D:\Module B\React Native\JP Lectures\new_app\node_modules\@react-native\gradle-plugin\.gradle\8.13\executionHistory)" [_thread_blocked, id=11108, stack(0x0000000822d00000,0x0000000822e00000)]
  0x0000011fbf922a80 JavaThread "Unconstrained build operations Thread 16" [_thread_blocked, id=7360, stack(0x0000000822500000,0x0000000822600000)]
  0x0000011fc07368e0 JavaThread "Unconstrained build operations Thread 17" [_thread_blocked, id=1324, stack(0x0000000822e00000,0x0000000822f00000)]
  0x0000011fc07359b0 JavaThread "Unconstrained build operations Thread 18" [_thread_blocked, id=11340, stack(0x0000000822f00000,0x0000000823000000)]
  0x0000011fc0734a80 JavaThread "Unconstrained build operations Thread 19" [_thread_blocked, id=6216, stack(0x0000000823000000,0x0000000823100000)]
  0x0000011fc0737810 JavaThread "Unconstrained build operations Thread 20" [_thread_blocked, id=8444, stack(0x0000000823100000,0x0000000823200000)]
  0x0000011fc0734f90 JavaThread "Unconstrained build operations Thread 21" [_thread_blocked, id=11760, stack(0x0000000823200000,0x0000000823300000)]
  0x0000011fc0734060 JavaThread "Unconstrained build operations Thread 22" [_thread_blocked, id=11952, stack(0x0000000823300000,0x0000000823400000)]
  0x0000011fc0736df0 JavaThread "Unconstrained build operations Thread 23" [_thread_blocked, id=12080, stack(0x0000000823400000,0x0000000823500000)]
  0x0000011fc07354a0 JavaThread "Unconstrained build operations Thread 24" [_thread_blocked, id=9204, stack(0x0000000823500000,0x0000000823600000)]
  0x0000011fc0734570 JavaThread "Unconstrained build operations Thread 25" [_thread_blocked, id=11932, stack(0x0000000823700000,0x0000000823800000)]
  0x0000011fc0737300 JavaThread "Unconstrained build operations Thread 26" [_thread_blocked, id=6964, stack(0x0000000823800000,0x0000000823900000)]
  0x0000011fc0735ec0 JavaThread "Unconstrained build operations Thread 27" [_thread_blocked, id=2852, stack(0x0000000823900000,0x0000000823a00000)]
  0x0000011fc07363d0 JavaThread "Unconstrained build operations Thread 28" [_thread_blocked, id=4780, stack(0x0000000823a00000,0x0000000823b00000)]
  0x0000011fc0b93d70 JavaThread "Unconstrained build operations Thread 29" [_thread_blocked, id=7504, stack(0x0000000823b00000,0x0000000823c00000)]
  0x0000011fc0b95bd0 JavaThread "Unconstrained build operations Thread 30" [_thread_blocked, id=616, stack(0x0000000823c00000,0x0000000823d00000)]
  0x0000011fc0b965f0 JavaThread "Unconstrained build operations Thread 31" [_thread_blocked, id=9916, stack(0x0000000823d00000,0x0000000823e00000)]
  0x0000011fc0b98450 JavaThread "Unconstrained build operations Thread 32" [_thread_blocked, id=10756, stack(0x0000000823e00000,0x0000000823f00000)]
  0x0000011fc0b94ca0 JavaThread "Unconstrained build operations Thread 33" [_thread_blocked, id=9472, stack(0x0000000823f00000,0x0000000824000000)]
  0x0000011fc0b93860 JavaThread "Unconstrained build operations Thread 34" [_thread_blocked, id=9800, stack(0x0000000824000000,0x0000000824100000)]
  0x0000011fc0b96b00 JavaThread "Unconstrained build operations Thread 35" [_thread_blocked, id=188, stack(0x0000000824100000,0x0000000824200000)]
  0x0000011fc0b92e40 JavaThread "Unconstrained build operations Thread 36" [_thread_blocked, id=1240, stack(0x0000000824200000,0x0000000824300000)]
  0x0000011fc0b97010 JavaThread "Unconstrained build operations Thread 37" [_thread_blocked, id=2072, stack(0x0000000824300000,0x0000000824400000)]
  0x0000011fc0b956c0 JavaThread "jar transforms Thread 2" [_thread_blocked, id=8944, stack(0x0000000824400000,0x0000000824500000)]
  0x0000011fc0b92420 JavaThread "jar transforms Thread 3" [_thread_blocked, id=8248, stack(0x0000000823600000,0x0000000823700000)]
  0x0000011fc0b91f10 JavaThread "Unconstrained build operations Thread 38" [_thread_blocked, id=8176, stack(0x0000000824500000,0x0000000824600000)]
  0x0000011fc0b94280 JavaThread "Unconstrained build operations Thread 39" [_thread_blocked, id=2288, stack(0x0000000824600000,0x0000000824700000)]
  0x0000011fc0b94790 JavaThread "Unconstrained build operations Thread 40" [_thread_blocked, id=2928, stack(0x0000000824700000,0x0000000824800000)]
  0x0000011fc0b97520 JavaThread "jar transforms Thread 4" [_thread_blocked, id=4504, stack(0x000000081e100000,0x000000081e200000)]
  0x0000011fc0b914f0 JavaThread "Problems report writer" [_thread_blocked, id=3428, stack(0x000000081e200000,0x000000081e300000)]
  0x0000011fbed4d430 JavaThread "build event listener" [_thread_blocked, id=6196, stack(0x000000081fc00000,0x000000081fd00000)]
  0x0000011fc2a40a20 JavaThread "Cache worker for execution history cache (D:\Module B\React Native\JP Lectures\new_app\android\.gradle\8.13\executionHistory)" [_thread_blocked, id=5656, stack(0x0000000824800000,0x0000000824900000)]
  0x0000011fc2a3d270 JavaThread "WorkerExecutor Queue" [_thread_blocked, id=13092, stack(0x0000000821900000,0x0000000821a00000)]
  0x0000011fc2a39ac0 JavaThread "WorkerExecutor Queue Thread 3" [_thread_blocked, id=9116, stack(0x0000000824900000,0x0000000824a00000)]
  0x0000011fc2a3af00 JavaThread "WorkerExecutor Queue Thread 4" [_thread_blocked, id=9644, stack(0x0000000824a00000,0x0000000824b00000)]
  0x0000011fc2a3b920 JavaThread "WorkerExecutor Queue Thread 5" [_thread_blocked, id=7012, stack(0x0000000821a00000,0x0000000821b00000)]
  0x0000011fc2a3c850 JavaThread "Keep-Alive-Timer" daemon [_thread_blocked, id=13220, stack(0x0000000822700000,0x0000000822800000)]

Other Threads:
=>0x0000011f9d902190 VMThread "VM Thread" [stack: 0x000000081e900000,0x000000081ea00000] [id=12376]
  0x0000011fffd14500 WatcherThread [stack: 0x000000081f500000,0x000000081f600000] [id=3852]
  0x0000011fffd6f9b0 GCTaskThread "GC Thread#0" [stack: 0x000000081e400000,0x000000081e500000] [id=12336]
  0x0000011f9db60820 GCTaskThread "GC Thread#1" [stack: 0x000000081f600000,0x000000081f700000] [id=1944]
  0x0000011f9dd5a220 GCTaskThread "GC Thread#2" [stack: 0x000000081f700000,0x000000081f800000] [id=12968]
  0x0000011fbd91ccd0 GCTaskThread "GC Thread#3" [stack: 0x000000081f800000,0x000000081f900000] [id=7452]
  0x0000011fffd81820 ConcurrentGCThread "G1 Main Marker" [stack: 0x000000081e500000,0x000000081e600000] [id=12452]
  0x0000011fffd828f0 ConcurrentGCThread "G1 Conc#0" [stack: 0x000000081e600000,0x000000081e700000] [id=652]
  0x0000011f9d7c20c0 ConcurrentGCThread "G1 Refine#0" [stack: 0x000000081e700000,0x000000081e800000] [id=372]
  0x0000011fbf6e3810 ConcurrentGCThread "G1 Refine#1" [stack: 0x0000000820b00000,0x0000000820c00000] [id=3036]
  0x0000011f9d7c2900 ConcurrentGCThread "G1 Service" [stack: 0x000000081e800000,0x000000081e900000] [id=5364]

Threads with active compile tasks:
C2 CompilerThread0   264831 19683       4       java.util.regex.Pattern::atom (422 bytes)

VM state: at safepoint (normal execution)

VM Mutex/Monitor currently owned by a thread:  ([mutex/lock_event])
[0x0000011fffd0e2e0] Threads_lock - owner thread: 0x0000011f9d902190
[0x0000011fffd0f9f0] Heap_lock - owner thread: 0x0000011fbf923ec0

Heap address: 0x0000000080000000, size: 2048 MB, Compressed Oops mode: 32-bit

CDS archive(s) mapped at: [0x0000011f9e000000-0x0000011f9ebb0000-0x0000011f9ebb0000), size 12255232, SharedBaseAddress: 0x0000011f9e000000, ArchiveRelocationMode: 1.
Compressed class space mapped at: 0x0000011f9f000000-0x0000011fb9000000, reserved size: 436207616
Narrow klass base: 0x0000011f9e000000, Narrow klass shift: 0, Narrow klass range: 0x100000000

GC Precious Log:
 CPUs: 4 total, 4 available
 Memory: 8089M
 Large Page Support: Disabled
 NUMA Support: Disabled
 Compressed Oops: Enabled (32-bit)
 Heap Region Size: 1M
 Heap Min Capacity: 8M
 Heap Initial Capacity: 128M
 Heap Max Capacity: 2G
 Pre-touch: Disabled
 Parallel Workers: 4
 Concurrent Workers: 1
 Concurrent Refinement Workers: 4
 Periodic GC: Disabled

Heap:
 garbage-first heap   total 266240K, used 144278K [0x0000000080000000, 0x0000000100000000)
  region size 1024K, 1 young (1024K), 1 survivors (1024K)
 Metaspace       used 127098K, committed 128256K, reserved 557056K
  class space    used 16968K, committed 17536K, reserved 425984K

Heap Regions: E=young(eden), S=young(survivor), O=old, HS=humongous(starts), HC=humongous(continues), CS=collection set, F=free, OA=open archive, CA=closed archive, TAMS=top-at-mark-start (previous, next)
|   0|0x0000000080000000, 0x0000000080100000, 0x0000000080100000|100%|HS|  |TAMS 0x0000000080100000, 0x0000000080000000| Complete 
|   1|0x0000000080100000, 0x0000000080200000, 0x0000000080200000|100%|HC|  |TAMS 0x0000000080200000, 0x0000000080100000| Complete 
|   2|0x0000000080200000, 0x0000000080300000, 0x0000000080300000|100%|HC|  |TAMS 0x0000000080300000, 0x0000000080200000| Complete 
|   3|0x0000000080300000, 0x0000000080400000, 0x0000000080400000|100%| O|  |TAMS 0x0000000080400000, 0x0000000080300000| Untracked 
|   4|0x0000000080400000, 0x0000000080500000, 0x0000000080500000|100%| O|  |TAMS 0x0000000080500000, 0x0000000080400000| Untracked 
|   5|0x0000000080500000, 0x0000000080600000, 0x0000000080600000|100%| O|  |TAMS 0x0000000080600000, 0x0000000080500000| Untracked 
|   6|0x0000000080600000, 0x0000000080700000, 0x0000000080700000|100%| O|  |TAMS 0x0000000080700000, 0x0000000080600000| Untracked 
|   7|0x0000000080700000, 0x0000000080800000, 0x0000000080800000|100%|HS|  |TAMS 0x0000000080800000, 0x0000000080700000| Complete 
|   8|0x0000000080800000, 0x0000000080900000, 0x0000000080900000|100%| O|  |TAMS 0x0000000080900000, 0x0000000080800000| Untracked 
|   9|0x0000000080900000, 0x0000000080a00000, 0x0000000080a00000|100%| O|  |TAMS 0x0000000080a00000, 0x0000000080900000| Untracked 
|  10|0x0000000080a00000, 0x0000000080b00000, 0x0000000080b00000|100%| O|  |TAMS 0x0000000080b00000, 0x0000000080a00000| Untracked 
|  11|0x0000000080b00000, 0x0000000080c00000, 0x0000000080c00000|100%| O|  |TAMS 0x0000000080c00000, 0x0000000080b00000| Untracked 
|  12|0x0000000080c00000, 0x0000000080d00000, 0x0000000080d00000|100%| O|  |TAMS 0x0000000080d00000, 0x0000000080c00000| Untracked 
|  13|0x0000000080d00000, 0x0000000080e00000, 0x0000000080e00000|100%| O|  |TAMS 0x0000000080e00000, 0x0000000080d00000| Untracked 
|  14|0x0000000080e00000, 0x0000000080f00000, 0x0000000080f00000|100%| O|  |TAMS 0x0000000080f00000, 0x0000000080e00000| Untracked 
|  15|0x0000000080f00000, 0x0000000081000000, 0x0000000081000000|100%| O|  |TAMS 0x0000000081000000, 0x0000000080f00000| Untracked 
|  16|0x0000000081000000, 0x0000000081100000, 0x0000000081100000|100%| O|  |TAMS 0x0000000081100000, 0x0000000081000000| Untracked 
|  17|0x0000000081100000, 0x0000000081200000, 0x0000000081200000|100%| O|  |TAMS 0x0000000081200000, 0x0000000081100000| Untracked 
|  18|0x0000000081200000, 0x0000000081300000, 0x0000000081300000|100%| O|  |TAMS 0x0000000081300000, 0x0000000081200000| Untracked 
|  19|0x0000000081300000, 0x0000000081400000, 0x0000000081400000|100%| O|  |TAMS 0x0000000081400000, 0x0000000081300000| Untracked 
|  20|0x0000000081400000, 0x0000000081500000, 0x0000000081500000|100%| O|  |TAMS 0x0000000081500000, 0x0000000081400000| Untracked 
|  21|0x0000000081500000, 0x0000000081600000, 0x0000000081600000|100%| O|  |TAMS 0x0000000081600000, 0x0000000081500000| Untracked 
|  22|0x0000000081600000, 0x0000000081700000, 0x0000000081700000|100%| O|  |TAMS 0x0000000081700000, 0x0000000081600000| Untracked 
|  23|0x0000000081700000, 0x0000000081800000, 0x0000000081800000|100%| O|  |TAMS 0x0000000081800000, 0x0000000081700000| Untracked 
|  24|0x0000000081800000, 0x0000000081900000, 0x0000000081900000|100%| O|  |TAMS 0x0000000081900000, 0x0000000081800000| Untracked 
|  25|0x0000000081900000, 0x0000000081a00000, 0x0000000081a00000|100%| O|  |TAMS 0x0000000081a00000, 0x0000000081900000| Untracked 
|  26|0x0000000081a00000, 0x0000000081b00000, 0x0000000081b00000|100%| O|  |TAMS 0x0000000081b00000, 0x0000000081a00000| Untracked 
|  27|0x0000000081b00000, 0x0000000081c00000, 0x0000000081c00000|100%| O|  |TAMS 0x0000000081c00000, 0x0000000081b00000| Untracked 
|  28|0x0000000081c00000, 0x0000000081d00000, 0x0000000081d00000|100%| O|  |TAMS 0x0000000081d00000, 0x0000000081c00000| Untracked 
|  29|0x0000000081d00000, 0x0000000081e00000, 0x0000000081e00000|100%| O|  |TAMS 0x0000000081e00000, 0x0000000081d00000| Untracked 
|  30|0x0000000081e00000, 0x0000000081f00000, 0x0000000081f00000|100%| O|  |TAMS 0x0000000081f00000, 0x0000000081e00000| Untracked 
|  31|0x0000000081f00000, 0x0000000082000000, 0x0000000082000000|100%| O|  |TAMS 0x0000000082000000, 0x0000000081f00000| Untracked 
|  32|0x0000000082000000, 0x0000000082100000, 0x0000000082100000|100%| O|  |TAMS 0x0000000082100000, 0x0000000082000000| Untracked 
|  33|0x0000000082100000, 0x0000000082200000, 0x0000000082200000|100%| O|  |TAMS 0x0000000082200000, 0x0000000082100000| Untracked 
|  34|0x0000000082200000, 0x0000000082300000, 0x0000000082300000|100%| O|  |TAMS 0x0000000082300000, 0x0000000082200000| Untracked 
|  35|0x0000000082300000, 0x0000000082400000, 0x0000000082400000|100%| O|  |TAMS 0x0000000082400000, 0x0000000082300000| Untracked 
|  36|0x0000000082400000, 0x0000000082500000, 0x0000000082500000|100%|HS|  |TAMS 0x0000000082500000, 0x0000000082400000| Complete 
|  37|0x0000000082500000, 0x0000000082600000, 0x0000000082600000|100%|HC|  |TAMS 0x0000000082600000, 0x0000000082500000| Complete 
|  38|0x0000000082600000, 0x0000000082700000, 0x0000000082700000|100%| O|  |TAMS 0x0000000082700000, 0x0000000082600000| Untracked 
|  39|0x0000000082700000, 0x0000000082800000, 0x0000000082800000|100%| O|  |TAMS 0x0000000082800000, 0x0000000082700000| Untracked 
|  40|0x0000000082800000, 0x0000000082900000, 0x0000000082900000|100%|HS|  |TAMS 0x0000000082900000, 0x0000000082800000| Complete 
|  41|0x0000000082900000, 0x0000000082a00000, 0x0000000082a00000|100%|HC|  |TAMS 0x0000000082a00000, 0x0000000082900000| Complete 
|  42|0x0000000082a00000, 0x0000000082b00000, 0x0000000082b00000|100%|HC|  |TAMS 0x0000000082b00000, 0x0000000082a00000| Complete 
|  43|0x0000000082b00000, 0x0000000082c00000, 0x0000000082c00000|100%| O|  |TAMS 0x0000000082c00000, 0x0000000082b00000| Untracked 
|  44|0x0000000082c00000, 0x0000000082d00000, 0x0000000082d00000|100%| O|  |TAMS 0x0000000082d00000, 0x0000000082c00000| Untracked 
|  45|0x0000000082d00000, 0x0000000082e00000, 0x0000000082e00000|100%| O|  |TAMS 0x0000000082e00000, 0x0000000082d00000| Untracked 
|  46|0x0000000082e00000, 0x0000000082f00000, 0x0000000082f00000|100%|HS|  |TAMS 0x0000000082f00000, 0x0000000082e00000| Complete 
|  47|0x0000000082f00000, 0x0000000083000000, 0x0000000083000000|100%|HC|  |TAMS 0x0000000083000000, 0x0000000082f00000| Complete 
|  48|0x0000000083000000, 0x0000000083100000, 0x0000000083100000|100%| O|  |TAMS 0x0000000083100000, 0x0000000083000000| Untracked 
|  49|0x0000000083100000, 0x0000000083200000, 0x0000000083200000|100%| O|  |TAMS 0x0000000083200000, 0x0000000083100000| Untracked 
|  50|0x0000000083200000, 0x0000000083300000, 0x0000000083300000|100%| O|  |TAMS 0x0000000083300000, 0x0000000083200000| Untracked 
|  51|0x0000000083300000, 0x0000000083400000, 0x0000000083400000|100%|HS|  |TAMS 0x0000000083400000, 0x0000000083300000| Complete 
|  52|0x0000000083400000, 0x0000000083500000, 0x0000000083500000|100%|HC|  |TAMS 0x0000000083500000, 0x0000000083400000| Complete 
|  53|0x0000000083500000, 0x0000000083600000, 0x0000000083600000|100%|HC|  |TAMS 0x0000000083600000, 0x0000000083500000| Complete 
|  54|0x0000000083600000, 0x0000000083700000, 0x0000000083700000|100%| O|  |TAMS 0x0000000083700000, 0x0000000083600000| Untracked 
|  55|0x0000000083700000, 0x0000000083800000, 0x0000000083800000|100%| O|  |TAMS 0x0000000083800000, 0x0000000083700000| Untracked 
|  56|0x0000000083800000, 0x0000000083900000, 0x0000000083900000|100%| O|  |TAMS 0x0000000083900000, 0x0000000083800000| Untracked 
|  57|0x0000000083900000, 0x0000000083a00000, 0x0000000083a00000|100%| O|  |TAMS 0x0000000083a00000, 0x0000000083900000| Untracked 
|  58|0x0000000083a00000, 0x0000000083b00000, 0x0000000083b00000|100%| O|  |TAMS 0x0000000083b00000, 0x0000000083a00000| Untracked 
|  59|0x0000000083b00000, 0x0000000083c00000, 0x0000000083c00000|100%| O|  |TAMS 0x0000000083c00000, 0x0000000083b00000| Untracked 
|  60|0x0000000083c00000, 0x0000000083d00000, 0x0000000083d00000|100%| O|  |TAMS 0x0000000083d00000, 0x0000000083c00000| Untracked 
|  61|0x0000000083d00000, 0x0000000083e00000, 0x0000000083e00000|100%| O|  |TAMS 0x0000000083e00000, 0x0000000083d00000| Untracked 
|  62|0x0000000083e00000, 0x0000000083f00000, 0x0000000083f00000|100%| O|  |TAMS 0x0000000083f00000, 0x0000000083e00000| Untracked 
|  63|0x0000000083f00000, 0x0000000084000000, 0x0000000084000000|100%| O|  |TAMS 0x0000000084000000, 0x0000000083f00000| Untracked 
|  64|0x0000000084000000, 0x0000000084100000, 0x0000000084100000|100%| O|  |TAMS 0x0000000084100000, 0x0000000084000000| Untracked 
|  65|0x0000000084100000, 0x0000000084200000, 0x0000000084200000|100%| O|  |TAMS 0x0000000084200000, 0x0000000084100000| Untracked 
|  66|0x0000000084200000, 0x0000000084300000, 0x0000000084300000|100%|HS|  |TAMS 0x0000000084300000, 0x0000000084200000| Complete 
|  67|0x0000000084300000, 0x0000000084400000, 0x0000000084400000|100%| O|  |TAMS 0x0000000084400000, 0x0000000084300000| Untracked 
|  68|0x0000000084400000, 0x0000000084500000, 0x0000000084500000|100%| O|  |TAMS 0x0000000084500000, 0x0000000084400000| Untracked 
|  69|0x0000000084500000, 0x0000000084600000, 0x0000000084600000|100%| O|  |TAMS 0x0000000084600000, 0x0000000084500000| Untracked 
|  70|0x0000000084600000, 0x0000000084700000, 0x0000000084700000|100%| O|  |TAMS 0x0000000084700000, 0x0000000084600000| Untracked 
|  71|0x0000000084700000, 0x0000000084800000, 0x0000000084800000|100%| O|  |TAMS 0x0000000084800000, 0x0000000084700000| Untracked 
|  72|0x0000000084800000, 0x0000000084900000, 0x0000000084900000|100%| O|  |TAMS 0x0000000084900000, 0x0000000084800000| Untracked 
|  73|0x0000000084900000, 0x0000000084a00000, 0x0000000084a00000|100%| O|  |TAMS 0x0000000084a00000, 0x0000000084900000| Untracked 
|  74|0x0000000084a00000, 0x0000000084b00000, 0x0000000084b00000|100%|HS|  |TAMS 0x0000000084b00000, 0x0000000084a00000| Complete 
|  75|0x0000000084b00000, 0x0000000084c00000, 0x0000000084c00000|100%|HS|  |TAMS 0x0000000084c00000, 0x0000000084b00000| Complete 
|  76|0x0000000084c00000, 0x0000000084d00000, 0x0000000084d00000|100%|HS|  |TAMS 0x0000000084d00000, 0x0000000084c00000| Complete 
|  77|0x0000000084d00000, 0x0000000084e00000, 0x0000000084e00000|100%| O|  |TAMS 0x0000000084e00000, 0x0000000084d00000| Untracked 
|  78|0x0000000084e00000, 0x0000000084f00000, 0x0000000084f00000|100%|HS|  |TAMS 0x0000000084f00000, 0x0000000084e00000| Complete 
|  79|0x0000000084f00000, 0x0000000085000000, 0x0000000085000000|100%|HS|  |TAMS 0x0000000085000000, 0x0000000084f00000| Complete 
|  80|0x0000000085000000, 0x0000000085100000, 0x0000000085100000|100%|HS|  |TAMS 0x0000000085100000, 0x0000000085000000| Complete 
|  81|0x0000000085100000, 0x0000000085200000, 0x0000000085200000|100%|HC|  |TAMS 0x0000000085200000, 0x0000000085100000| Complete 
|  82|0x0000000085200000, 0x0000000085300000, 0x0000000085300000|100%| O|  |TAMS 0x0000000085300000, 0x0000000085200000| Untracked 
|  83|0x0000000085300000, 0x0000000085400000, 0x0000000085400000|100%| O|  |TAMS 0x0000000085400000, 0x0000000085300000| Untracked 
|  84|0x0000000085400000, 0x0000000085500000, 0x0000000085500000|100%|HS|  |TAMS 0x0000000085500000, 0x0000000085400000| Complete 
|  85|0x0000000085500000, 0x0000000085600000, 0x0000000085600000|100%| O|  |TAMS 0x0000000085600000, 0x0000000085500000| Untracked 
|  86|0x0000000085600000, 0x0000000085700000, 0x0000000085700000|100%| O|  |TAMS 0x0000000085700000, 0x0000000085600000| Untracked 
|  87|0x0000000085700000, 0x0000000085800000, 0x0000000085800000|100%| O|  |TAMS 0x0000000085800000, 0x0000000085700000| Untracked 
|  88|0x0000000085800000, 0x0000000085900000, 0x0000000085900000|100%| O|  |TAMS 0x0000000085900000, 0x0000000085800000| Untracked 
|  89|0x0000000085900000, 0x0000000085a00000, 0x0000000085a00000|100%| O|  |TAMS 0x0000000085a00000, 0x0000000085900000| Untracked 
|  90|0x0000000085a00000, 0x0000000085b00000, 0x0000000085b00000|100%| O|  |TAMS 0x0000000085b00000, 0x0000000085a00000| Untracked 
|  91|0x0000000085b00000, 0x0000000085c00000, 0x0000000085c00000|100%| O|  |TAMS 0x0000000085c00000, 0x0000000085b00000| Untracked 
|  92|0x0000000085c00000, 0x0000000085d00000, 0x0000000085d00000|100%| O|  |TAMS 0x0000000085d00000, 0x0000000085c00000| Untracked 
|  93|0x0000000085d00000, 0x0000000085e00000, 0x0000000085e00000|100%| O|  |TAMS 0x0000000085e00000, 0x0000000085d00000| Untracked 
|  94|0x0000000085e00000, 0x0000000085f00000, 0x0000000085f00000|100%| O|  |TAMS 0x0000000085f00000, 0x0000000085e00000| Untracked 
|  95|0x0000000085f00000, 0x0000000086000000, 0x0000000086000000|100%| O|  |TAMS 0x0000000086000000, 0x0000000085f00000| Untracked 
|  96|0x0000000086000000, 0x0000000086100000, 0x0000000086100000|100%| O|  |TAMS 0x0000000086100000, 0x0000000086000000| Untracked 
|  97|0x0000000086100000, 0x0000000086200000, 0x0000000086200000|100%| O|  |TAMS 0x0000000086200000, 0x0000000086100000| Untracked 
|  98|0x0000000086200000, 0x0000000086300000, 0x0000000086300000|100%| O|  |TAMS 0x0000000086300000, 0x0000000086200000| Untracked 
|  99|0x0000000086300000, 0x0000000086400000, 0x0000000086400000|100%| O|  |TAMS 0x0000000086400000, 0x0000000086300000| Untracked 
| 100|0x0000000086400000, 0x0000000086500000, 0x0000000086500000|100%| O|  |TAMS 0x0000000086500000, 0x0000000086400000| Untracked 
| 101|0x0000000086500000, 0x0000000086600000, 0x0000000086600000|100%| O|  |TAMS 0x0000000086600000, 0x0000000086500000| Untracked 
| 102|0x0000000086600000, 0x0000000086700000, 0x0000000086700000|100%| O|  |TAMS 0x0000000086700000, 0x0000000086600000| Untracked 
| 103|0x0000000086700000, 0x0000000086800000, 0x0000000086800000|100%| O|  |TAMS 0x0000000086800000, 0x0000000086700000| Untracked 
| 104|0x0000000086800000, 0x0000000086900000, 0x0000000086900000|100%| O|  |TAMS 0x0000000086900000, 0x0000000086800000| Untracked 
| 105|0x0000000086900000, 0x0000000086a00000, 0x0000000086a00000|100%| O|  |TAMS 0x0000000086a00000, 0x0000000086900000| Untracked 
| 106|0x0000000086a00000, 0x0000000086b00000, 0x0000000086b00000|100%| O|  |TAMS 0x0000000086b00000, 0x0000000086a00000| Untracked 
| 107|0x0000000086b00000, 0x0000000086c00000, 0x0000000086c00000|100%| O|  |TAMS 0x0000000086c00000, 0x0000000086b00000| Untracked 
| 108|0x0000000086c00000, 0x0000000086d00000, 0x0000000086d00000|100%| O|  |TAMS 0x0000000086d00000, 0x0000000086c00000| Untracked 
| 109|0x0000000086d00000, 0x0000000086e00000, 0x0000000086e00000|100%| O|  |TAMS 0x0000000086e00000, 0x0000000086d00000| Untracked 
| 110|0x0000000086e00000, 0x0000000086f00000, 0x0000000086f00000|100%| O|  |TAMS 0x0000000086f00000, 0x0000000086e00000| Untracked 
| 111|0x0000000086f00000, 0x0000000087000000, 0x0000000087000000|100%| O|  |TAMS 0x0000000087000000, 0x0000000086f00000| Untracked 
| 112|0x0000000087000000, 0x0000000087100000, 0x0000000087100000|100%| O|  |TAMS 0x0000000087100000, 0x0000000087000000| Untracked 
| 113|0x0000000087100000, 0x0000000087200000, 0x0000000087200000|100%| O|  |TAMS 0x0000000087200000, 0x0000000087100000| Untracked 
| 114|0x0000000087200000, 0x0000000087300000, 0x0000000087300000|100%| O|  |TAMS 0x0000000087300000, 0x0000000087200000| Untracked 
| 115|0x0000000087300000, 0x0000000087400000, 0x0000000087400000|100%| O|  |TAMS 0x0000000087400000, 0x0000000087300000| Untracked 
| 116|0x0000000087400000, 0x0000000087500000, 0x0000000087500000|100%| O|  |TAMS 0x0000000087500000, 0x0000000087400000| Untracked 
| 117|0x0000000087500000, 0x0000000087600000, 0x0000000087600000|100%| O|  |TAMS 0x0000000087600000, 0x0000000087500000| Untracked 
| 118|0x0000000087600000, 0x0000000087700000, 0x0000000087700000|100%| O|  |TAMS 0x0000000087700000, 0x0000000087600000| Untracked 
| 119|0x0000000087700000, 0x0000000087800000, 0x0000000087800000|100%| O|  |TAMS 0x0000000087800000, 0x0000000087700000| Untracked 
| 120|0x0000000087800000, 0x0000000087800000, 0x0000000087900000|  0%| F|  |TAMS 0x0000000087800000, 0x0000000087800000| Untracked 
| 121|0x0000000087900000, 0x0000000087a00000, 0x0000000087a00000|100%| O|  |TAMS 0x0000000087900000, 0x0000000087900000| Untracked 
| 122|0x0000000087a00000, 0x0000000087b00000, 0x0000000087b00000|100%| O|  |TAMS 0x0000000087b00000, 0x0000000087a00000| Untracked 
| 123|0x0000000087b00000, 0x0000000087c00000, 0x0000000087c00000|100%| O|  |TAMS 0x0000000087c00000, 0x0000000087b00000| Untracked 
| 124|0x0000000087c00000, 0x0000000087d00000, 0x0000000087d00000|100%| O|  |TAMS 0x0000000087d00000, 0x0000000087c00000| Untracked 
| 125|0x0000000087d00000, 0x0000000087d00000, 0x0000000087e00000|  0%| F|  |TAMS 0x0000000087d00000, 0x0000000087d00000| Untracked 
| 126|0x0000000087e00000, 0x0000000087f00000, 0x0000000087f00000|100%| O|  |TAMS 0x0000000087e00000, 0x0000000087e00000| Untracked 
| 127|0x0000000087f00000, 0x0000000088000000, 0x0000000088000000|100%| O|  |TAMS 0x0000000087f00000, 0x0000000087f00000| Untracked 
| 128|0x0000000088000000, 0x0000000088100000, 0x0000000088100000|100%| O|  |TAMS 0x0000000088100000, 0x0000000088000000| Untracked 
| 129|0x0000000088100000, 0x0000000088200000, 0x0000000088200000|100%| O|  |TAMS 0x0000000088200000, 0x0000000088100000| Untracked 
| 130|0x0000000088200000, 0x0000000088300000, 0x0000000088300000|100%| O|  |TAMS 0x0000000088300000, 0x0000000088200000| Untracked 
| 131|0x0000000088300000, 0x0000000088400000, 0x0000000088400000|100%| O|  |TAMS 0x0000000088400000, 0x0000000088300000| Untracked 
| 132|0x0000000088400000, 0x0000000088500000, 0x0000000088500000|100%| O|  |TAMS 0x0000000088400000, 0x0000000088400000| Untracked 
| 133|0x0000000088500000, 0x0000000088600000, 0x0000000088600000|100%| O|  |TAMS 0x0000000088600000, 0x0000000088500000| Untracked 
| 134|0x0000000088600000, 0x0000000088600000, 0x0000000088700000|  0%| F|  |TAMS 0x0000000088600000, 0x0000000088600000| Untracked 
| 135|0x0000000088700000, 0x0000000088790600, 0x0000000088800000| 56%| O|  |TAMS 0x0000000088700000, 0x0000000088700000| Untracked 
| 136|0x0000000088800000, 0x0000000088900000, 0x0000000088900000|100%| O|  |TAMS 0x0000000088900000, 0x0000000088800000| Untracked 
| 137|0x0000000088900000, 0x0000000088a00000, 0x0000000088a00000|100%| O|  |TAMS 0x0000000088a00000, 0x0000000088900000| Untracked 
| 138|0x0000000088a00000, 0x0000000088b00000, 0x0000000088b00000|100%| O|  |TAMS 0x0000000088b00000, 0x0000000088a00000| Untracked 
| 139|0x0000000088b00000, 0x0000000088c00000, 0x0000000088c00000|100%| O|  |TAMS 0x0000000088c00000, 0x0000000088b00000| Untracked 
| 140|0x0000000088c00000, 0x0000000088d00000, 0x0000000088d00000|100%| O|  |TAMS 0x0000000088d00000, 0x0000000088c00000| Untracked 
| 141|0x0000000088d00000, 0x0000000088e00000, 0x0000000088e00000|100%| O|  |TAMS 0x0000000088e00000, 0x0000000088d00000| Untracked 
| 142|0x0000000088e00000, 0x0000000088f00000, 0x0000000088f00000|100%| O|  |TAMS 0x0000000088f00000, 0x0000000088e00000| Untracked 
| 143|0x0000000088f00000, 0x0000000089000000, 0x0000000089000000|100%| O|  |TAMS 0x0000000088f29200, 0x0000000088f00000| Untracked 
| 144|0x0000000089000000, 0x0000000089000000, 0x0000000089100000|  0%| F|  |TAMS 0x0000000089000000, 0x0000000089000000| Untracked 
| 145|0x0000000089100000, 0x0000000089100000, 0x0000000089200000|  0%| F|  |TAMS 0x0000000089100000, 0x0000000089100000| Untracked 
| 146|0x0000000089200000, 0x0000000089200000, 0x0000000089300000|  0%| F|  |TAMS 0x0000000089200000, 0x0000000089200000| Untracked 
| 147|0x0000000089300000, 0x0000000089300000, 0x0000000089400000|  0%| F|  |TAMS 0x0000000089300000, 0x0000000089300000| Untracked 
| 148|0x0000000089400000, 0x0000000089400000, 0x0000000089500000|  0%| F|  |TAMS 0x0000000089400000, 0x0000000089400000| Untracked 
| 149|0x0000000089500000, 0x0000000089500000, 0x0000000089600000|  0%| F|  |TAMS 0x0000000089500000, 0x0000000089500000| Untracked 
| 150|0x0000000089600000, 0x0000000089600000, 0x0000000089700000|  0%| F|  |TAMS 0x0000000089600000, 0x0000000089600000| Untracked 
| 151|0x0000000089700000, 0x0000000089700000, 0x0000000089800000|  0%| F|  |TAMS 0x0000000089700000, 0x0000000089700000| Untracked 
| 152|0x0000000089800000, 0x0000000089800000, 0x0000000089900000|  0%| F|  |TAMS 0x0000000089800000, 0x0000000089800000| Untracked 
| 153|0x0000000089900000, 0x0000000089900000, 0x0000000089a00000|  0%| F|  |TAMS 0x0000000089900000, 0x0000000089900000| Untracked 
| 154|0x0000000089a00000, 0x0000000089a00000, 0x0000000089b00000|  0%| F|  |TAMS 0x0000000089a00000, 0x0000000089a00000| Untracked 
| 155|0x0000000089b00000, 0x0000000089b00000, 0x0000000089c00000|  0%| F|  |TAMS 0x0000000089b00000, 0x0000000089b00000| Untracked 
| 156|0x0000000089c00000, 0x0000000089c00000, 0x0000000089d00000|  0%| F|  |TAMS 0x0000000089c00000, 0x0000000089c00000| Untracked 
| 157|0x0000000089d00000, 0x0000000089d00000, 0x0000000089e00000|  0%| F|  |TAMS 0x0000000089d00000, 0x0000000089d00000| Untracked 
| 158|0x0000000089e00000, 0x0000000089e00000, 0x0000000089f00000|  0%| F|  |TAMS 0x0000000089e00000, 0x0000000089e00000| Untracked 
| 159|0x0000000089f00000, 0x0000000089f00000, 0x000000008a000000|  0%| F|  |TAMS 0x0000000089f00000, 0x0000000089f00000| Untracked 
| 160|0x000000008a000000, 0x000000008a000000, 0x000000008a100000|  0%| F|  |TAMS 0x000000008a000000, 0x000000008a000000| Untracked 
| 161|0x000000008a100000, 0x000000008a100000, 0x000000008a200000|  0%| F|  |TAMS 0x000000008a100000, 0x000000008a100000| Untracked 
| 162|0x000000008a200000, 0x000000008a200000, 0x000000008a300000|  0%| F|  |TAMS 0x000000008a200000, 0x000000008a200000| Untracked 
| 163|0x000000008a300000, 0x000000008a300000, 0x000000008a400000|  0%| F|  |TAMS 0x000000008a300000, 0x000000008a300000| Untracked 
| 164|0x000000008a400000, 0x000000008a400000, 0x000000008a500000|  0%| F|  |TAMS 0x000000008a400000, 0x000000008a400000| Untracked 
| 165|0x000000008a500000, 0x000000008a500000, 0x000000008a600000|  0%| F|  |TAMS 0x000000008a500000, 0x000000008a500000| Untracked 
| 166|0x000000008a600000, 0x000000008a600000, 0x000000008a700000|  0%| F|  |TAMS 0x000000008a600000, 0x000000008a600000| Untracked 
| 167|0x000000008a700000, 0x000000008a700000, 0x000000008a800000|  0%| F|  |TAMS 0x000000008a700000, 0x000000008a700000| Untracked 
| 168|0x000000008a800000, 0x000000008a800000, 0x000000008a900000|  0%| F|  |TAMS 0x000000008a800000, 0x000000008a800000| Untracked 
| 169|0x000000008a900000, 0x000000008a900000, 0x000000008aa00000|  0%| F|  |TAMS 0x000000008a900000, 0x000000008a900000| Untracked 
| 170|0x000000008aa00000, 0x000000008aa00000, 0x000000008ab00000|  0%| F|  |TAMS 0x000000008aa00000, 0x000000008aa00000| Untracked 
| 171|0x000000008ab00000, 0x000000008ab00000, 0x000000008ac00000|  0%| F|  |TAMS 0x000000008ab00000, 0x000000008ab00000| Untracked 
| 172|0x000000008ac00000, 0x000000008ac00000, 0x000000008ad00000|  0%| F|  |TAMS 0x000000008ac00000, 0x000000008ac00000| Untracked 
| 173|0x000000008ad00000, 0x000000008ad00000, 0x000000008ae00000|  0%| F|  |TAMS 0x000000008ad00000, 0x000000008ad00000| Untracked 
| 174|0x000000008ae00000, 0x000000008ae00000, 0x000000008af00000|  0%| F|  |TAMS 0x000000008ae00000, 0x000000008ae00000| Untracked 
| 175|0x000000008af00000, 0x000000008af00000, 0x000000008b000000|  0%| F|  |TAMS 0x000000008af00000, 0x000000008af00000| Untracked 
| 176|0x000000008b000000, 0x000000008b000000, 0x000000008b100000|  0%| F|  |TAMS 0x000000008b000000, 0x000000008b000000| Untracked 
| 177|0x000000008b100000, 0x000000008b100000, 0x000000008b200000|  0%| F|  |TAMS 0x000000008b100000, 0x000000008b100000| Untracked 
| 178|0x000000008b200000, 0x000000008b200000, 0x000000008b300000|  0%| F|  |TAMS 0x000000008b200000, 0x000000008b200000| Untracked 
| 179|0x000000008b300000, 0x000000008b300000, 0x000000008b400000|  0%| F|  |TAMS 0x000000008b300000, 0x000000008b300000| Untracked 
| 180|0x000000008b400000, 0x000000008b400000, 0x000000008b500000|  0%| F|  |TAMS 0x000000008b400000, 0x000000008b400000| Untracked 
| 181|0x000000008b500000, 0x000000008b500000, 0x000000008b600000|  0%| F|  |TAMS 0x000000008b500000, 0x000000008b500000| Untracked 
| 182|0x000000008b600000, 0x000000008b600000, 0x000000008b700000|  0%| F|  |TAMS 0x000000008b600000, 0x000000008b600000| Untracked 
| 183|0x000000008b700000, 0x000000008b700000, 0x000000008b800000|  0%| F|  |TAMS 0x000000008b700000, 0x000000008b700000| Untracked 
| 184|0x000000008b800000, 0x000000008b800000, 0x000000008b900000|  0%| F|  |TAMS 0x000000008b800000, 0x000000008b800000| Untracked 
| 185|0x000000008b900000, 0x000000008b900000, 0x000000008ba00000|  0%| F|  |TAMS 0x000000008b900000, 0x000000008b900000| Untracked 
| 186|0x000000008ba00000, 0x000000008ba00000, 0x000000008bb00000|  0%| F|  |TAMS 0x000000008ba00000, 0x000000008ba00000| Untracked 
| 187|0x000000008bb00000, 0x000000008bb00000, 0x000000008bc00000|  0%| F|  |TAMS 0x000000008bb00000, 0x000000008bb00000| Untracked 
| 188|0x000000008bc00000, 0x000000008bc00000, 0x000000008bd00000|  0%| F|  |TAMS 0x000000008bc00000, 0x000000008bc00000| Untracked 
| 189|0x000000008bd00000, 0x000000008bd00000, 0x000000008be00000|  0%| F|  |TAMS 0x000000008bd00000, 0x000000008bd00000| Untracked 
| 190|0x000000008be00000, 0x000000008be00000, 0x000000008bf00000|  0%| F|  |TAMS 0x000000008be00000, 0x000000008be00000| Untracked 
| 191|0x000000008bf00000, 0x000000008bf00000, 0x000000008c000000|  0%| F|  |TAMS 0x000000008bf00000, 0x000000008bf00000| Untracked 
| 192|0x000000008c000000, 0x000000008c000000, 0x000000008c100000|  0%| F|  |TAMS 0x000000008c000000, 0x000000008c000000| Untracked 
| 193|0x000000008c100000, 0x000000008c100000, 0x000000008c200000|  0%| F|  |TAMS 0x000000008c100000, 0x000000008c100000| Untracked 
| 194|0x000000008c200000, 0x000000008c200000, 0x000000008c300000|  0%| F|  |TAMS 0x000000008c200000, 0x000000008c200000| Untracked 
| 195|0x000000008c300000, 0x000000008c300000, 0x000000008c400000|  0%| F|  |TAMS 0x000000008c300000, 0x000000008c300000| Untracked 
| 196|0x000000008c400000, 0x000000008c400000, 0x000000008c500000|  0%| F|  |TAMS 0x000000008c400000, 0x000000008c400000| Untracked 
| 197|0x000000008c500000, 0x000000008c500000, 0x000000008c600000|  0%| F|  |TAMS 0x000000008c500000, 0x000000008c500000| Untracked 
| 198|0x000000008c600000, 0x000000008c600000, 0x000000008c700000|  0%| F|  |TAMS 0x000000008c600000, 0x000000008c600000| Untracked 
| 199|0x000000008c700000, 0x000000008c700000, 0x000000008c800000|  0%| F|  |TAMS 0x000000008c700000, 0x000000008c700000| Untracked 
| 200|0x000000008c800000, 0x000000008c800000, 0x000000008c900000|  0%| F|  |TAMS 0x000000008c800000, 0x000000008c800000| Untracked 
| 201|0x000000008c900000, 0x000000008c900000, 0x000000008ca00000|  0%| F|  |TAMS 0x000000008c900000, 0x000000008c900000| Untracked 
| 202|0x000000008ca00000, 0x000000008ca00000, 0x000000008cb00000|  0%| F|  |TAMS 0x000000008ca00000, 0x000000008ca00000| Untracked 
| 203|0x000000008cb00000, 0x000000008cb00000, 0x000000008cc00000|  0%| F|  |TAMS 0x000000008cb00000, 0x000000008cb00000| Untracked 
| 204|0x000000008cc00000, 0x000000008cc00000, 0x000000008cd00000|  0%| F|  |TAMS 0x000000008cc00000, 0x000000008cc00000| Untracked 
| 205|0x000000008cd00000, 0x000000008cd00000, 0x000000008ce00000|  0%| F|  |TAMS 0x000000008cd00000, 0x000000008cd00000| Untracked 
| 206|0x000000008ce00000, 0x000000008ce00000, 0x000000008cf00000|  0%| F|  |TAMS 0x000000008ce00000, 0x000000008ce00000| Untracked 
| 207|0x000000008cf00000, 0x000000008cf00000, 0x000000008d000000|  0%| F|  |TAMS 0x000000008cf00000, 0x000000008cf00000| Untracked 
| 208|0x000000008d000000, 0x000000008d000000, 0x000000008d100000|  0%| F|  |TAMS 0x000000008d000000, 0x000000008d000000| Untracked 
| 209|0x000000008d100000, 0x000000008d100000, 0x000000008d200000|  0%| F|  |TAMS 0x000000008d100000, 0x000000008d100000| Untracked 
| 210|0x000000008d200000, 0x000000008d200000, 0x000000008d300000|  0%| F|  |TAMS 0x000000008d200000, 0x000000008d200000| Untracked 
| 211|0x000000008d300000, 0x000000008d300000, 0x000000008d400000|  0%| F|  |TAMS 0x000000008d300000, 0x000000008d300000| Untracked 
| 212|0x000000008d400000, 0x000000008d400000, 0x000000008d500000|  0%| F|  |TAMS 0x000000008d400000, 0x000000008d400000| Untracked 
| 213|0x000000008d500000, 0x000000008d500000, 0x000000008d600000|  0%| F|  |TAMS 0x000000008d500000, 0x000000008d500000| Untracked 
| 214|0x000000008d600000, 0x000000008d600000, 0x000000008d700000|  0%| F|  |TAMS 0x000000008d600000, 0x000000008d600000| Untracked 
| 215|0x000000008d700000, 0x000000008d700000, 0x000000008d800000|  0%| F|  |TAMS 0x000000008d700000, 0x000000008d700000| Untracked 
| 216|0x000000008d800000, 0x000000008d800000, 0x000000008d900000|  0%| F|  |TAMS 0x000000008d800000, 0x000000008d800000| Untracked 
| 217|0x000000008d900000, 0x000000008d900000, 0x000000008da00000|  0%| F|  |TAMS 0x000000008d900000, 0x000000008d900000| Untracked 
| 218|0x000000008da00000, 0x000000008da00000, 0x000000008db00000|  0%| F|  |TAMS 0x000000008da00000, 0x000000008da00000| Untracked 
| 219|0x000000008db00000, 0x000000008db00000, 0x000000008dc00000|  0%| F|  |TAMS 0x000000008db00000, 0x000000008db00000| Untracked 
| 220|0x000000008dc00000, 0x000000008dc00000, 0x000000008dd00000|  0%| F|  |TAMS 0x000000008dc00000, 0x000000008dc00000| Untracked 
| 221|0x000000008dd00000, 0x000000008dd00000, 0x000000008de00000|  0%| F|  |TAMS 0x000000008dd00000, 0x000000008dd00000| Untracked 
| 222|0x000000008de00000, 0x000000008de00000, 0x000000008df00000|  0%| F|  |TAMS 0x000000008de00000, 0x000000008de00000| Untracked 
| 223|0x000000008df00000, 0x000000008df00000, 0x000000008e000000|  0%| F|  |TAMS 0x000000008df00000, 0x000000008df00000| Untracked 
| 224|0x000000008e000000, 0x000000008e000000, 0x000000008e100000|  0%| F|  |TAMS 0x000000008e000000, 0x000000008e000000| Untracked 
| 225|0x000000008e100000, 0x000000008e100000, 0x000000008e200000|  0%| F|  |TAMS 0x000000008e100000, 0x000000008e100000| Untracked 
| 226|0x000000008e200000, 0x000000008e200000, 0x000000008e300000|  0%| F|  |TAMS 0x000000008e200000, 0x000000008e200000| Untracked 
| 227|0x000000008e300000, 0x000000008e300000, 0x000000008e400000|  0%| F|  |TAMS 0x000000008e300000, 0x000000008e300000| Untracked 
| 228|0x000000008e400000, 0x000000008e400000, 0x000000008e500000|  0%| F|  |TAMS 0x000000008e400000, 0x000000008e400000| Untracked 
| 229|0x000000008e500000, 0x000000008e500000, 0x000000008e600000|  0%| F|  |TAMS 0x000000008e500000, 0x000000008e500000| Untracked 
| 230|0x000000008e600000, 0x000000008e600000, 0x000000008e700000|  0%| F|  |TAMS 0x000000008e600000, 0x000000008e600000| Untracked 
| 231|0x000000008e700000, 0x000000008e700000, 0x000000008e800000|  0%| F|  |TAMS 0x000000008e700000, 0x000000008e700000| Untracked 
| 232|0x000000008e800000, 0x000000008e800000, 0x000000008e900000|  0%| F|  |TAMS 0x000000008e800000, 0x000000008e800000| Untracked 
| 233|0x000000008e900000, 0x000000008e900000, 0x000000008ea00000|  0%| F|  |TAMS 0x000000008e900000, 0x000000008e900000| Untracked 
| 234|0x000000008ea00000, 0x000000008ea00000, 0x000000008eb00000|  0%| F|  |TAMS 0x000000008ea00000, 0x000000008ea00000| Untracked 
| 235|0x000000008eb00000, 0x000000008eb00000, 0x000000008ec00000|  0%| F|  |TAMS 0x000000008eb00000, 0x000000008eb00000| Untracked 
| 236|0x000000008ec00000, 0x000000008ec00000, 0x000000008ed00000|  0%| F|  |TAMS 0x000000008ec00000, 0x000000008ec00000| Untracked 
| 237|0x000000008ed00000, 0x000000008ed00000, 0x000000008ee00000|  0%| F|  |TAMS 0x000000008ed00000, 0x000000008ed00000| Untracked 
| 238|0x000000008ee00000, 0x000000008ee00000, 0x000000008ef00000|  0%| F|  |TAMS 0x000000008ee00000, 0x000000008ee00000| Untracked 
| 239|0x000000008ef00000, 0x000000008ef00000, 0x000000008f000000|  0%| F|  |TAMS 0x000000008ef00000, 0x000000008ef00000| Untracked 
| 240|0x000000008f000000, 0x000000008f000000, 0x000000008f100000|  0%| F|  |TAMS 0x000000008f000000, 0x000000008f000000| Untracked 
| 241|0x000000008f100000, 0x000000008f100000, 0x000000008f200000|  0%| F|  |TAMS 0x000000008f100000, 0x000000008f100000| Untracked 
| 242|0x000000008f200000, 0x000000008f200000, 0x000000008f300000|  0%| F|  |TAMS 0x000000008f200000, 0x000000008f200000| Untracked 
| 243|0x000000008f300000, 0x000000008f300000, 0x000000008f400000|  0%| F|  |TAMS 0x000000008f300000, 0x000000008f300000| Untracked 
| 244|0x000000008f400000, 0x000000008f400000, 0x000000008f500000|  0%| F|  |TAMS 0x000000008f400000, 0x000000008f400000| Untracked 
| 245|0x000000008f500000, 0x000000008f500000, 0x000000008f600000|  0%| F|  |TAMS 0x000000008f500000, 0x000000008f500000| Untracked 
| 246|0x000000008f600000, 0x000000008f600000, 0x000000008f700000|  0%| F|  |TAMS 0x000000008f600000, 0x000000008f600000| Untracked 
| 247|0x000000008f700000, 0x000000008f700000, 0x000000008f800000|  0%| F|  |TAMS 0x000000008f700000, 0x000000008f700000| Untracked 
| 248|0x000000008f800000, 0x000000008f800000, 0x000000008f900000|  0%| F|  |TAMS 0x000000008f800000, 0x000000008f800000| Untracked 
| 249|0x000000008f900000, 0x000000008f955288, 0x000000008fa00000| 33%| S|CS|TAMS 0x000000008f900000, 0x000000008f900000| Complete 
| 250|0x000000008fa00000, 0x000000008fa00000, 0x000000008fb00000|  0%| F|  |TAMS 0x000000008fa00000, 0x000000008fa00000| Untracked 
| 251|0x000000008fb00000, 0x000000008fb00000, 0x000000008fc00000|  0%| F|  |TAMS 0x000000008fb00000, 0x000000008fb00000| Untracked 
| 252|0x000000008fc00000, 0x000000008fc00000, 0x000000008fd00000|  0%| F|  |TAMS 0x000000008fc00000, 0x000000008fc00000| Untracked 
| 253|0x000000008fd00000, 0x000000008fd00000, 0x000000008fe00000|  0%| F|  |TAMS 0x000000008fd00000, 0x000000008fd00000| Untracked 
| 254|0x000000008fe00000, 0x000000008fe00000, 0x000000008ff00000|  0%| F|  |TAMS 0x000000008fe00000, 0x000000008fe00000| Untracked 
| 255|0x000000008ff00000, 0x000000008ff00000, 0x0000000090000000|  0%| F|  |TAMS 0x000000008ff00000, 0x000000008ff00000| Untracked 
| 256|0x0000000090000000, 0x0000000090000000, 0x0000000090100000|  0%| F|  |TAMS 0x0000000090000000, 0x0000000090000000| Untracked 
| 257|0x0000000090100000, 0x0000000090100000, 0x0000000090200000|  0%| F|  |TAMS 0x0000000090100000, 0x0000000090100000| Untracked 
| 258|0x0000000090200000, 0x0000000090200000, 0x0000000090300000|  0%| F|  |TAMS 0x0000000090200000, 0x0000000090200000| Untracked 
| 259|0x0000000090300000, 0x0000000090300000, 0x0000000090400000|  0%| F|  |TAMS 0x0000000090300000, 0x0000000090300000| Untracked 

Card table byte_map: [0x0000011f96e80000,0x0000011f97280000] _byte_map_base: 0x0000011f96a80000

Marking Bits (Prev, Next): (CMBitMap*) 0x0000011fffd6fee0, (CMBitMap*) 0x0000011fffd6ff20
 Prev Bits: [0x0000011f97680000, 0x0000011f99680000)
 Next Bits: [0x0000011f99680000, 0x0000011f9b680000)

Polling page: 0x0000011ffdac0000

Metaspace:

Usage:
  Non-class:    107.55 MB used.
      Class:     16.57 MB used.
       Both:    124.12 MB used.

Virtual space:
  Non-class space:      128.00 MB reserved,     108.12 MB ( 84%) committed,  2 nodes.
      Class space:      416.00 MB reserved,      17.12 MB (  4%) committed,  1 nodes.
             Both:      544.00 MB reserved,     125.25 MB ( 23%) committed. 

Chunk freelists:
   Non-Class:  3.65 MB
       Class:  14.85 MB
        Both:  18.50 MB

MaxMetaspaceSize: 512.00 MB
CompressedClassSpaceSize: 416.00 MB
Initial GC threshold: 21.00 MB
Current GC threshold: 208.56 MB
CDS: on
MetaspaceReclaimPolicy: balanced
 - commit_granule_bytes: 65536.
 - commit_granule_words: 8192.
 - virtual_space_node_default_size: 8388608.
 - enlarge_chunks_in_place: 1.
 - new_chunks_are_fully_committed: 0.
 - uncommit_free_chunks: 1.
 - use_allocation_guard: 0.
 - handle_deallocations: 1.


Internal statistics:

num_allocs_failed_limit: 24.
num_arena_births: 1768.
num_arena_deaths: 0.
num_vsnodes_births: 3.
num_vsnodes_deaths: 0.
num_space_committed: 2001.
num_space_uncommitted: 0.
num_chunks_returned_to_freelist: 24.
num_chunks_taken_from_freelist: 7327.
num_chunk_merges: 6.
num_chunk_splits: 4681.
num_chunks_enlarged: 2896.
num_inconsistent_stats: 0.

CodeHeap 'non-profiled nmethods': size=120000Kb used=11568Kb max_used=11568Kb free=108432Kb
 bounds [0x0000011f8f550000, 0x0000011f900a0000, 0x0000011f96a80000]
CodeHeap 'profiled nmethods': size=120000Kb used=32581Kb max_used=32594Kb free=87419Kb
 bounds [0x0000011f87a80000, 0x0000011f89a60000, 0x0000011f8efb0000]
CodeHeap 'non-nmethods': size=5760Kb used=2519Kb max_used=2568Kb free=3241Kb
 bounds [0x0000011f8efb0000, 0x0000011f8f240000, 0x0000011f8f550000]
 total_blobs=17309 nmethods=16243 adapters=977
 compilation: enabled
              stopped_count=0, restarted_count=0
 full_count=0

Compilation events (20 events):
Event: 264.077 Thread 0x0000011f9d981ff0 19686       1       com.sun.xml.bind.v2.runtime.unmarshaller.UnmarshallingContext$State::getElementDefaultValue (5 bytes)
Event: 264.077 Thread 0x0000011f9d981ff0 nmethod 19686 0x0000011f8ff6d710 code [0x0000011f8ff6d8a0, 0x0000011f8ff6d978]
Event: 264.077 Thread 0x0000011f9d981ff0 19687       1       com.sun.xml.bind.v2.runtime.unmarshaller.UnmarshallingContext$State::setElementDefaultValue (6 bytes)
Event: 264.077 Thread 0x0000011f9d981ff0 nmethod 19687 0x0000011f90008d10 code [0x0000011f90008ea0, 0x0000011f90008fb8]
Event: 264.391 Thread 0x0000011f9d981ff0 19688       2       com.sun.org.apache.xerces.internal.parsers.AbstractSAXParser::startNamespaceMapping (77 bytes)
Event: 264.392 Thread 0x0000011f9d981ff0 nmethod 19688 0x0000011f87cbfa10 code [0x0000011f87cbfbe0, 0x0000011f87cbff58]
Event: 264.396 Thread 0x0000011f9d981ff0 19689       2       java.util.ServiceLoader$3::hasNext (38 bytes)
Event: 264.397 Thread 0x0000011f9d981ff0 nmethod 19689 0x0000011f87cbf410 code [0x0000011f87cbf5e0, 0x0000011f87cbf868]
Event: 264.557 Thread 0x0000011f9d9250f0 nmethod 19547 0x0000011f9008da10 code [0x0000011f9008e120, 0x0000011f90095500]
Event: 264.558 Thread 0x0000011f9d9250f0 19679 %     4       java.util.regex.Matcher::replaceAll @ 22 (59 bytes)
Event: 264.595 Thread 0x0000011f9d981ff0 19693       2       com.sun.xml.bind.v2.model.impl.RuntimeBuiltinLeafInfoImpl$14::parse (6 bytes)
Event: 264.595 Thread 0x0000011f9d981ff0 nmethod 19693 0x0000011f8932a510 code [0x0000011f8932a6a0, 0x0000011f8932a7c8]
Event: 264.595 Thread 0x0000011f9d981ff0 19694       2       com.sun.xml.bind.v2.model.impl.RuntimeBuiltinLeafInfoImpl$14::parse (5 bytes)
Event: 264.596 Thread 0x0000011f9d981ff0 nmethod 19694 0x0000011f87cbf090 code [0x0000011f87cbf220, 0x0000011f87cbf348]
Event: 264.598 Thread 0x0000011f9d981ff0 19695       2       java.util.ServiceLoader$LazyClassPathLookupIterator::hasNext (42 bytes)
Event: 264.598 Thread 0x0000011f9d981ff0 nmethod 19695 0x0000011f87cbe990 code [0x0000011f87cbeb80, 0x0000011f87cbee68]
Event: 264.659 Thread 0x0000011f9d9250f0 nmethod 19679% 0x0000011f90099a90 code [0x0000011f90099d00, 0x0000011f9009b370]
Event: 264.659 Thread 0x0000011f9d9250f0 19683       4       java.util.regex.Pattern::atom (422 bytes)
Event: 264.677 Thread 0x0000011f9d981ff0 19698       2       com.android.sdklib.repository.generated.common.v3.IdDisplayType::<init> (5 bytes)
Event: 264.677 Thread 0x0000011f9d981ff0 nmethod 19698 0x0000011f8940f510 code [0x0000011f8940f6a0, 0x0000011f8940f798]

GC Heap History (20 events):
Event: 220.505 GC heap after
{Heap after GC invocations=62 (full 0):
 garbage-first heap   total 231424K, used 141649K [0x0000000080000000, 0x0000000100000000)
  region size 1024K, 2 young (2048K), 2 survivors (2048K)
 Metaspace       used 116955K, committed 118080K, reserved 557056K
  class space    used 15758K, committed 16320K, reserved 425984K
}
Event: 223.697 GC heap before
{Heap before GC invocations=62 (full 0):
 garbage-first heap   total 231424K, used 198993K [0x0000000080000000, 0x0000000100000000)
  region size 1024K, 59 young (60416K), 2 survivors (2048K)
 Metaspace       used 118518K, committed 119680K, reserved 557056K
  class space    used 15938K, committed 16512K, reserved 425984K
}
Event: 223.713 GC heap after
{Heap after GC invocations=63 (full 0):
 garbage-first heap   total 231424K, used 144499K [0x0000000080000000, 0x0000000100000000)
  region size 1024K, 5 young (5120K), 5 survivors (5120K)
 Metaspace       used 118518K, committed 119680K, reserved 557056K
  class space    used 15938K, committed 16512K, reserved 425984K
}
Event: 224.496 GC heap before
{Heap before GC invocations=63 (full 0):
 garbage-first heap   total 231424K, used 197747K [0x0000000080000000, 0x0000000100000000)
  region size 1024K, 58 young (59392K), 5 survivors (5120K)
 Metaspace       used 118834K, committed 120000K, reserved 557056K
  class space    used 15970K, committed 16576K, reserved 425984K
}
Event: 224.507 GC heap after
{Heap after GC invocations=64 (full 0):
 garbage-first heap   total 231424K, used 145979K [0x0000000080000000, 0x0000000100000000)
  region size 1024K, 6 young (6144K), 6 survivors (6144K)
 Metaspace       used 118834K, committed 120000K, reserved 557056K
  class space    used 15970K, committed 16576K, reserved 425984K
}
Event: 225.385 GC heap before
{Heap before GC invocations=64 (full 0):
 garbage-first heap   total 231424K, used 198203K [0x0000000080000000, 0x0000000100000000)
  region size 1024K, 58 young (59392K), 6 survivors (6144K)
 Metaspace       used 118974K, committed 120128K, reserved 557056K
  class space    used 15991K, committed 16576K, reserved 425984K
}
Event: 225.406 GC heap after
{Heap after GC invocations=65 (full 0):
 garbage-first heap   total 231424K, used 145490K [0x0000000080000000, 0x0000000100000000)
  region size 1024K, 2 young (2048K), 2 survivors (2048K)
 Metaspace       used 118974K, committed 120128K, reserved 557056K
  class space    used 15991K, committed 16576K, reserved 425984K
}
Event: 227.538 GC heap before
{Heap before GC invocations=65 (full 0):
 garbage-first heap   total 231424K, used 199762K [0x0000000080000000, 0x0000000100000000)
  region size 1024K, 56 young (57344K), 2 survivors (2048K)
 Metaspace       used 121948K, committed 123136K, reserved 557056K
  class space    used 16339K, committed 16896K, reserved 425984K
}
Event: 227.548 GC heap after
{Heap after GC invocations=66 (full 0):
 garbage-first heap   total 231424K, used 147226K [0x0000000080000000, 0x0000000100000000)
  region size 1024K, 4 young (4096K), 4 survivors (4096K)
 Metaspace       used 121948K, committed 123136K, reserved 557056K
  class space    used 16339K, committed 16896K, reserved 425984K
}
Event: 228.613 GC heap before
{Heap before GC invocations=66 (full 0):
 garbage-first heap   total 231424K, used 189210K [0x0000000080000000, 0x0000000100000000)
  region size 1024K, 47 young (48128K), 4 survivors (4096K)
 Metaspace       used 122741K, committed 123840K, reserved 557056K
  class space    used 16453K, committed 17024K, reserved 425984K
}
Event: 228.639 GC heap after
{Heap after GC invocations=67 (full 0):
 garbage-first heap   total 231424K, used 147671K [0x0000000080000000, 0x0000000100000000)
  region size 1024K, 4 young (4096K), 4 survivors (4096K)
 Metaspace       used 122741K, committed 123840K, reserved 557056K
  class space    used 16453K, committed 17024K, reserved 425984K
}
Event: 255.201 GC heap before
{Heap before GC invocations=68 (full 0):
 garbage-first heap   total 250880K, used 195799K [0x0000000080000000, 0x0000000100000000)
  region size 1024K, 54 young (55296K), 4 survivors (4096K)
 Metaspace       used 124802K, committed 125952K, reserved 557056K
  class space    used 16682K, committed 17280K, reserved 425984K
}
Event: 255.232 GC heap after
{Heap after GC invocations=69 (full 0):
 garbage-first heap   total 250880K, used 146582K [0x0000000080000000, 0x0000000100000000)
  region size 1024K, 5 young (5120K), 5 survivors (5120K)
 Metaspace       used 124802K, committed 125952K, reserved 557056K
  class space    used 16682K, committed 17280K, reserved 425984K
}
Event: 255.387 GC heap before
{Heap before GC invocations=69 (full 0):
 garbage-first heap   total 250880K, used 152726K [0x0000000080000000, 0x0000000100000000)
  region size 1024K, 12 young (12288K), 5 survivors (5120K)
 Metaspace       used 124819K, committed 126016K, reserved 557056K
  class space    used 16687K, committed 17280K, reserved 425984K
}
Event: 255.395 GC heap after
{Heap after GC invocations=70 (full 0):
 garbage-first heap   total 250880K, used 142265K [0x0000000080000000, 0x0000000100000000)
  region size 1024K, 1 young (1024K), 1 survivors (1024K)
 Metaspace       used 124819K, committed 126016K, reserved 557056K
  class space    used 16687K, committed 17280K, reserved 425984K
}
Event: 260.978 GC heap before
{Heap before GC invocations=70 (full 0):
 garbage-first heap   total 250880K, used 214969K [0x0000000080000000, 0x0000000100000000)
  region size 1024K, 73 young (74752K), 1 survivors (1024K)
 Metaspace       used 126665K, committed 127808K, reserved 557056K
  class space    used 16911K, committed 17472K, reserved 425984K
}
Event: 261.275 GC heap after
{Heap after GC invocations=71 (full 0):
 garbage-first heap   total 250880K, used 148346K [0x0000000080000000, 0x0000000100000000)
  region size 1024K, 7 young (7168K), 7 survivors (7168K)
 Metaspace       used 126665K, committed 127808K, reserved 557056K
  class space    used 16911K, committed 17472K, reserved 425984K
}
Event: 264.451 GC heap before
{Heap before GC invocations=72 (full 0):
 garbage-first heap   total 266240K, used 210810K [0x0000000080000000, 0x0000000100000000)
  region size 1024K, 69 young (70656K), 7 survivors (7168K)
 Metaspace       used 127096K, committed 128256K, reserved 557056K
  class space    used 16968K, committed 17536K, reserved 425984K
}
Event: 264.502 GC heap after
{Heap after GC invocations=73 (full 0):
 garbage-first heap   total 266240K, used 147097K [0x0000000080000000, 0x0000000100000000)
  region size 1024K, 3 young (3072K), 3 survivors (3072K)
 Metaspace       used 127096K, committed 128256K, reserved 557056K
  class space    used 16968K, committed 17536K, reserved 425984K
}
Event: 264.705 GC heap before
{Heap before GC invocations=73 (full 0):
 garbage-first heap   total 266240K, used 156313K [0x0000000080000000, 0x0000000100000000)
  region size 1024K, 13 young (13312K), 3 survivors (3072K)
 Metaspace       used 127098K, committed 128256K, reserved 557056K
  class space    used 16968K, committed 17536K, reserved 425984K
}

Dll operation events (16 events):
Event: 0.017 Loaded shared library C:\Program Files\Microsoft\jdk-17.0.13.11-hotspot\bin\java.dll
Event: 0.058 Loaded shared library C:\Program Files\Microsoft\jdk-17.0.13.11-hotspot\bin\jsvml.dll
Event: 0.263 Loaded shared library C:\Program Files\Microsoft\jdk-17.0.13.11-hotspot\bin\zip.dll
Event: 0.277 Loaded shared library C:\Program Files\Microsoft\jdk-17.0.13.11-hotspot\bin\instrument.dll
Event: 0.288 Loaded shared library C:\Program Files\Microsoft\jdk-17.0.13.11-hotspot\bin\net.dll
Event: 0.291 Loaded shared library C:\Program Files\Microsoft\jdk-17.0.13.11-hotspot\bin\nio.dll
Event: 0.297 Loaded shared library C:\Program Files\Microsoft\jdk-17.0.13.11-hotspot\bin\zip.dll
Event: 1.344 Loaded shared library C:\Program Files\Microsoft\jdk-17.0.13.11-hotspot\bin\jimage.dll
Event: 2.279 Loaded shared library C:\Program Files\Microsoft\jdk-17.0.13.11-hotspot\bin\verify.dll
Event: 2.871 Loaded shared library C:\Users\Sohain\.gradle\native\1def1411415f61bf3af743bc5b6707747c0891f09f0c88961ee8f79bc544acac\windows-amd64\native-platform.dll
Event: 2.922 Loaded shared library C:\Users\Sohain\.gradle\native\0.2.7\x86_64-windows-gnu\gradle-fileevents.dll
Event: 7.697 Loaded shared library C:\Program Files\Microsoft\jdk-17.0.13.11-hotspot\bin\management.dll
Event: 7.707 Loaded shared library C:\Program Files\Microsoft\jdk-17.0.13.11-hotspot\bin\management_ext.dll
Event: 8.301 Loaded shared library C:\Program Files\Microsoft\jdk-17.0.13.11-hotspot\bin\extnet.dll
Event: 10.086 Loaded shared library C:\Program Files\Microsoft\jdk-17.0.13.11-hotspot\bin\sunmscapi.dll
Event: 260.585 Loaded shared library C:\Users\Sohain\AppData\Local\Temp\jna--1813042086\jna8128121611029356252.dll

Deoptimization events (20 events):
Event: 263.107 Thread 0x0000011fbf923ec0 DEOPT PACKING pc=0x0000011f899a0c4d sp=0x00000008229f8430
Event: 263.107 Thread 0x0000011fbf923ec0 DEOPT UNPACKING pc=0x0000011f8f007143 sp=0x00000008229f7920 mode 0
Event: 263.110 Thread 0x0000011fbf923ec0 Uncommon trap: trap_request=0xffffff45 fr.pc=0x0000011f9001a940 relative=0x0000000000000720
Event: 263.110 Thread 0x0000011fbf923ec0 Uncommon trap: reason=unstable_if action=reinterpret pc=0x0000011f9001a940 method=java.util.regex.Matcher.find()Z @ 34 c2
Event: 263.110 Thread 0x0000011fbf923ec0 DEOPT PACKING pc=0x0000011f9001a940 sp=0x00000008229f8450
Event: 263.110 Thread 0x0000011fbf923ec0 DEOPT UNPACKING pc=0x0000011f8f0069a3 sp=0x00000008229f83b8 mode 2
Event: 263.513 Thread 0x0000011fbf923ec0 Uncommon trap: trap_request=0xffffff6e fr.pc=0x0000011f90084588 relative=0x00000000000069e8
Event: 263.513 Thread 0x0000011fbf923ec0 Uncommon trap: reason=loop_limit_check action=maybe_recompile pc=0x0000011f90084588 method=com.sun.org.apache.xerces.internal.parsers.AbstractSAXParser.startElement(Lcom/sun/org/apache/xerces/internal/xni/QName;Lcom/sun/org/apache/xerces/internal/xni/XMLA
Event: 263.514 Thread 0x0000011fbf923ec0 DEOPT PACKING pc=0x0000011f90084588 sp=0x00000008229f8910
Event: 263.514 Thread 0x0000011fbf923ec0 DEOPT UNPACKING pc=0x0000011f8f0069a3 sp=0x00000008229f8848 mode 2
Event: 264.181 Thread 0x0000011fbf923ec0 Uncommon trap: trap_request=0xfffffff4 fr.pc=0x0000011f9008d058 relative=0x0000000000000718
Event: 264.181 Thread 0x0000011fbf923ec0 Uncommon trap: reason=null_check action=make_not_entrant pc=0x0000011f9008d058 method=com.android.repository.impl.meta.SchemaModuleUtil$NamespaceFallbackFilter.startPrefixMapping(Ljava/lang/String;Ljava/lang/String;)V @ 46 c2
Event: 264.181 Thread 0x0000011fbf923ec0 DEOPT PACKING pc=0x0000011f9008d058 sp=0x00000008229f86a0
Event: 264.181 Thread 0x0000011fbf923ec0 DEOPT UNPACKING pc=0x0000011f8f0069a3 sp=0x00000008229f85c0 mode 2
Event: 264.661 Thread 0x0000011fbf923ec0 DEOPT PACKING pc=0x0000011f899a0c4d sp=0x00000008229f8720
Event: 264.661 Thread 0x0000011fbf923ec0 DEOPT UNPACKING pc=0x0000011f8f007143 sp=0x00000008229f7c10 mode 0
Event: 264.672 Thread 0x0000011fbf923ec0 DEOPT PACKING pc=0x0000011f899a0c4d sp=0x00000008229f8720
Event: 264.672 Thread 0x0000011fbf923ec0 DEOPT UNPACKING pc=0x0000011f8f007143 sp=0x00000008229f7c10 mode 0
Event: 264.700 Thread 0x0000011fbf923ec0 DEOPT PACKING pc=0x0000011f899a0c4d sp=0x00000008229f8720
Event: 264.700 Thread 0x0000011fbf923ec0 DEOPT UNPACKING pc=0x0000011f8f007143 sp=0x00000008229f7c10 mode 0

Classes loaded (20 events):
Event: 259.087 Loading class sun/net/www/protocol/http/EmptyInputStream
Event: 259.088 Loading class sun/net/www/protocol/http/EmptyInputStream done
Event: 259.089 Loading class sun/net/www/protocol/http/HttpURLConnection$HttpInputStream
Event: 259.089 Loading class sun/net/www/protocol/http/HttpURLConnection$HttpInputStream done
Event: 259.212 Loading class java/util/concurrent/ConcurrentHashMap$KeySpliterator
Event: 259.213 Loading class java/util/concurrent/ConcurrentHashMap$KeySpliterator done
Event: 260.112 Loading class sun/security/ssl/Alert
Event: 260.113 Loading class sun/security/ssl/Alert done
Event: 260.116 Loading class sun/security/ssl/Alert$AlertConsumer
Event: 260.117 Loading class sun/security/ssl/Alert$AlertConsumer done
Event: 260.117 Loading class sun/security/ssl/Alert$Level
Event: 260.117 Loading class sun/security/ssl/Alert$Level done
Event: 260.465 Loading class java/nio/charset/IllegalCharsetNameException
Event: 260.465 Loading class java/nio/charset/IllegalCharsetNameException done
Event: 260.591 Loading class java/nio/ShortBuffer
Event: 260.591 Loading class java/nio/ShortBuffer done
Event: 260.592 Loading class java/nio/FloatBuffer
Event: 260.592 Loading class java/nio/FloatBuffer done
Event: 260.593 Loading class java/nio/DoubleBuffer
Event: 260.593 Loading class java/nio/DoubleBuffer done

Classes unloaded (0 events):
No events

Classes redefined (0 events):
No events

Internal exceptions (20 events):
Event: 257.498 Thread 0x0000011fbf923ec0 Exception <a 'sun/nio/fs/WindowsException'{0x000000008d53c088}> (0x000000008d53c088) 
thrown [s\src\hotspot\share\prims\jni.cpp, line 516]
Event: 257.498 Thread 0x0000011fbf923ec0 Exception <a 'sun/nio/fs/WindowsException'{0x000000008d53c298}> (0x000000008d53c298) 
thrown [s\src\hotspot\share\prims\jni.cpp, line 516]
Event: 257.499 Thread 0x0000011fbf923ec0 Exception <a 'sun/nio/fs/WindowsException'{0x000000008d540cb0}> (0x000000008d540cb0) 
thrown [s\src\hotspot\share\prims\jni.cpp, line 516]
Event: 257.499 Thread 0x0000011fbf923ec0 Exception <a 'sun/nio/fs/WindowsException'{0x000000008d540e68}> (0x000000008d540e68) 
thrown [s\src\hotspot\share\prims\jni.cpp, line 516]
Event: 257.500 Thread 0x0000011fbf923ec0 Exception <a 'sun/nio/fs/WindowsException'{0x000000008d5437e0}> (0x000000008d5437e0) 
thrown [s\src\hotspot\share\prims\jni.cpp, line 516]
Event: 257.500 Thread 0x0000011fbf923ec0 Exception <a 'sun/nio/fs/WindowsException'{0x000000008d5439b0}> (0x000000008d5439b0) 
thrown [s\src\hotspot\share\prims\jni.cpp, line 516]
Event: 257.500 Thread 0x0000011fbf923ec0 Exception <a 'sun/nio/fs/WindowsException'{0x000000008d5473c0}> (0x000000008d5473c0) 
thrown [s\src\hotspot\share\prims\jni.cpp, line 516]
Event: 257.501 Thread 0x0000011fbf923ec0 Exception <a 'sun/nio/fs/WindowsException'{0x000000008d5475a0}> (0x000000008d5475a0) 
thrown [s\src\hotspot\share\prims\jni.cpp, line 516]
Event: 257.501 Thread 0x0000011fbf923ec0 Exception <a 'sun/nio/fs/WindowsException'{0x000000008d54a4a8}> (0x000000008d54a4a8) 
thrown [s\src\hotspot\share\prims\jni.cpp, line 516]
Event: 257.501 Thread 0x0000011fbf923ec0 Exception <a 'sun/nio/fs/WindowsException'{0x000000008d54a8f8}> (0x000000008d54a8f8) 
thrown [s\src\hotspot\share\prims\jni.cpp, line 516]
Event: 257.502 Thread 0x0000011fbf923ec0 Exception <a 'sun/nio/fs/WindowsException'{0x000000008d54e930}> (0x000000008d54e930) 
thrown [s\src\hotspot\share\prims\jni.cpp, line 516]
Event: 257.503 Thread 0x0000011fbf923ec0 Exception <a 'sun/nio/fs/WindowsException'{0x000000008d54eb28}> (0x000000008d54eb28) 
thrown [s\src\hotspot\share\prims\jni.cpp, line 516]
Event: 257.503 Thread 0x0000011fbf923ec0 Exception <a 'sun/nio/fs/WindowsException'{0x000000008d551a60}> (0x000000008d551a60) 
thrown [s\src\hotspot\share\prims\jni.cpp, line 516]
Event: 257.503 Thread 0x0000011fbf923ec0 Exception <a 'sun/nio/fs/WindowsException'{0x000000008d551c70}> (0x000000008d551c70) 
thrown [s\src\hotspot\share\prims\jni.cpp, line 516]
Event: 259.098 Thread 0x0000011fbf923ec0 Exception <a 'java/lang/NoSuchMethodError'{0x000000008c95d238}: 'java.lang.Object java.lang.invoke.DirectMethodHandle$Holder.newInvokeSpecial(java.lang.Object, double)'> (0x000000008c95d238) 
thrown [s\src\hotspot\share\interpreter\linkResolver.cpp, line 759]
Event: 259.212 Thread 0x0000011fbf923ec0 Exception <a 'sun/nio/fs/WindowsException'{0x000000008c8ebcf8}> (0x000000008c8ebcf8) 
thrown [s\src\hotspot\share\prims\jni.cpp, line 516]
Event: 259.217 Thread 0x0000011fbf923ec0 Exception <a 'java/lang/NoSuchMethodError'{0x000000008c8f1e98}: 'void java.lang.invoke.DirectMethodHandle$Holder.invokeStatic(java.lang.Object, int, java.lang.Object)'> (0x000000008c8f1e98) 
thrown [s\src\hotspot\share\interpreter\linkResolver.cpp, line 759]
Event: 261.572 Thread 0x0000011fbf923ec0 Exception <a 'java/lang/UnsatisfiedLinkError'{0x000000008f012ca8}: The specified procedure could not be found.
> (0x000000008f012ca8) 
thrown [s\src\hotspot\share\prims\jni.cpp, line 535]
Event: 261.582 Thread 0x0000011fbf923ec0 Exception <a 'java/lang/UnsatisfiedLinkError'{0x000000008f070d68}: The specified procedure could not be found.
> (0x000000008f070d68) 
thrown [s\src\hotspot\share\prims\jni.cpp, line 535]
Event: 264.181 Thread 0x0000011fbf923ec0 Implicit null exception at 0x0000011f9008cc9c to 0x0000011f9008d030

VM Operations (20 events):
Event: 258.826 Executing VM operation: Cleanup done
Event: 259.084 Executing VM operation: HandshakeAllThreads
Event: 259.085 Executing VM operation: HandshakeAllThreads done
Event: 260.102 Executing VM operation: Cleanup
Event: 260.110 Executing VM operation: Cleanup done
Event: 260.654 Executing VM operation: HandshakeAllThreads
Event: 260.654 Executing VM operation: HandshakeAllThreads done
Event: 260.978 Executing VM operation: G1CollectForAllocation
Event: 261.275 Executing VM operation: G1CollectForAllocation done
Event: 262.296 Executing VM operation: Cleanup
Event: 262.320 Executing VM operation: Cleanup done
Event: 262.436 Executing VM operation: G1PauseRemark
Event: 262.479 Executing VM operation: G1PauseRemark done
Event: 262.703 Executing VM operation: G1PauseCleanup
Event: 262.704 Executing VM operation: G1PauseCleanup done
Event: 263.514 Executing VM operation: HandshakeAllThreads
Event: 263.539 Executing VM operation: HandshakeAllThreads done
Event: 264.451 Executing VM operation: G1CollectForAllocation
Event: 264.502 Executing VM operation: G1CollectForAllocation done
Event: 264.705 Executing VM operation: G1CollectForAllocation

Memory protections (0 events):
No events

Nmethod flushes (20 events):
Event: 228.609 Thread 0x0000011f9d9c0040 flushing  nmethod 0x0000011f897e4910
Event: 228.609 Thread 0x0000011f9d9c0040 flushing  nmethod 0x0000011f897e4e10
Event: 228.609 Thread 0x0000011f9d9c0040 flushing  nmethod 0x0000011f897e5e90
Event: 228.609 Thread 0x0000011f9d9c0040 flushing  nmethod 0x0000011f897e6990
Event: 228.609 Thread 0x0000011f9d9c0040 flushing  nmethod 0x0000011f897e7290
Event: 228.609 Thread 0x0000011f9d9c0040 flushing  nmethod 0x0000011f897e8c10
Event: 228.609 Thread 0x0000011f9d9c0040 flushing  nmethod 0x0000011f897e9890
Event: 228.609 Thread 0x0000011f9d9c0040 flushing  nmethod 0x0000011f897eb390
Event: 228.609 Thread 0x0000011f9d9c0040 flushing  nmethod 0x0000011f897ec210
Event: 228.609 Thread 0x0000011f9d9c0040 flushing  nmethod 0x0000011f897eeb90
Event: 228.609 Thread 0x0000011f9d9c0040 flushing  nmethod 0x0000011f897f1a90
Event: 263.545 Thread 0x0000011f9d9c0040 flushing  nmethod 0x0000011f8f8eae10
Event: 263.550 Thread 0x0000011f9d9c0040 flushing  nmethod 0x0000011f8ff6d710
Event: 263.550 Thread 0x0000011f9d9c0040 flushing  nmethod 0x0000011f90008d10
Event: 263.554 Thread 0x0000011f9d9c0040 flushing  nmethod 0x0000011f87cbb210
Event: 263.580 Thread 0x0000011f9d9c0040 flushing  nmethod 0x0000011f89329910
Event: 263.580 Thread 0x0000011f9d9c0040 flushing  nmethod 0x0000011f8932a510
Event: 263.590 Thread 0x0000011f9d9c0040 flushing  nmethod 0x0000011f898e9910
Event: 263.590 Thread 0x0000011f9d9c0040 flushing  nmethod 0x0000011f898eb910
Event: 263.590 Thread 0x0000011f9d9c0040 flushing  nmethod 0x0000011f898ec610

Events (20 events):
Event: 260.098 Thread 0x0000011fbed4bae0 Thread exited: 0x0000011fbed4bae0
Event: 260.146 Thread 0x0000011fc2a3be30 Thread exited: 0x0000011fc2a3be30
Event: 260.147 Thread 0x0000011fc2a41440 Thread exited: 0x0000011fc2a41440
Event: 260.188 Thread 0x0000011fc2464180 Thread exited: 0x0000011fc2464180
Event: 260.207 Thread 0x0000011fc2466a00 Thread exited: 0x0000011fc2466a00
Event: 260.207 Thread 0x0000011fc2a40000 Thread exited: 0x0000011fc2a40000
Event: 260.208 Thread 0x0000011fc2a3cd60 Thread exited: 0x0000011fc2a3cd60
Event: 260.208 Thread 0x0000011fc2a3faf0 Thread exited: 0x0000011fc2a3faf0
Event: 260.209 Thread 0x0000011fbed49260 Thread added: 0x0000011fc2467e40
Event: 260.216 Thread 0x0000011fbf924df0 Thread exited: 0x0000011fbf924df0
Event: 260.220 Thread 0x0000011fc2463c70 Thread exited: 0x0000011fc2463c70
Event: 260.232 Thread 0x0000011fc2467e40 Thread exited: 0x0000011fc2467e40
Event: 260.235 Thread 0x0000011fc2463760 Thread exited: 0x0000011fc2463760
Event: 260.236 Thread 0x0000011fbe447100 Thread exited: 0x0000011fbe447100
Event: 260.360 Thread 0x0000011fbed4e360 Thread exited: 0x0000011fbed4e360
Event: 260.487 Thread 0x0000011fbed49260 Thread exited: 0x0000011fbed49260
Event: 260.888 Thread 0x0000011fc2a40510 Thread added: 0x0000011fc2a3be30
Event: 260.969 Thread 0x0000011fc2a3be30 Thread exited: 0x0000011fc2a3be30
Event: 261.276 Thread 0x0000011fc2a40f30 Thread exited: 0x0000011fc2a40f30
Event: 261.292 Thread 0x0000011fc2a40510 Thread exited: 0x0000011fc2a40510


Dynamic libraries:
0x00007ff612c40000 - 0x00007ff612c4e000 	C:\Program Files\Microsoft\jdk-17.0.13.11-hotspot\bin\java.exe
0x00007ffd62430000 - 0x00007ffd62628000 	C:\Windows\SYSTEM32\ntdll.dll
0x00007ffd62000000 - 0x00007ffd620c2000 	C:\Windows\System32\KERNEL32.DLL
0x00007ffd600a0000 - 0x00007ffd60396000 	C:\Windows\System32\KERNELBASE.dll
0x00007ffd5fdf0000 - 0x00007ffd5fef0000 	C:\Windows\System32\ucrtbase.dll
0x00007ffd5a590000 - 0x00007ffd5a5a7000 	C:\Program Files\Microsoft\jdk-17.0.13.11-hotspot\bin\jli.dll
0x00007ffd62250000 - 0x00007ffd623ed000 	C:\Windows\System32\USER32.dll
0x00007ffd5fd20000 - 0x00007ffd5fd42000 	C:\Windows\System32\win32u.dll
0x00007ffd60780000 - 0x00007ffd607ab000 	C:\Windows\System32\GDI32.dll
0x00007ffd5fc00000 - 0x00007ffd5fd1a000 	C:\Windows\System32\gdi32full.dll
0x00007ffd5fd50000 - 0x00007ffd5fded000 	C:\Windows\System32\msvcp_win.dll
0x00007ffd5a7a0000 - 0x00007ffd5a7bd000 	C:\Program Files\Microsoft\jdk-17.0.13.11-hotspot\bin\VCRUNTIME140.dll
0x00007ffd4bc60000 - 0x00007ffd4befa000 	C:\Windows\WinSxS\amd64_microsoft.windows.common-controls_6595b64144ccf1df_6.0.19041.4355_none_60b8b9eb71f62e16\COMCTL32.dll
0x00007ffd617a0000 - 0x00007ffd6183e000 	C:\Windows\System32\msvcrt.dll
0x00007ffd60450000 - 0x00007ffd6047f000 	C:\Windows\System32\IMM32.DLL
0x00007ffd5aa00000 - 0x00007ffd5aa0c000 	C:\Program Files\Microsoft\jdk-17.0.13.11-hotspot\bin\vcruntime140_1.dll
0x00007ffd592b0000 - 0x00007ffd5933d000 	C:\Program Files\Microsoft\jdk-17.0.13.11-hotspot\bin\msvcp140.dll
0x00007ffd2d7a0000 - 0x00007ffd2e411000 	C:\Program Files\Microsoft\jdk-17.0.13.11-hotspot\bin\server\jvm.dll
0x00007ffd616f0000 - 0x00007ffd6179f000 	C:\Windows\System32\ADVAPI32.dll
0x00007ffd606d0000 - 0x00007ffd6076f000 	C:\Windows\System32\sechost.dll
0x00007ffd605a0000 - 0x00007ffd606c3000 	C:\Windows\System32\RPCRT4.dll
0x00007ffd60420000 - 0x00007ffd60447000 	C:\Windows\System32\bcrypt.dll
0x00007ffd608d0000 - 0x00007ffd6093b000 	C:\Windows\System32\WS2_32.dll
0x00007ffd5f000000 - 0x00007ffd5f04b000 	C:\Windows\SYSTEM32\POWRPROF.dll
0x00007ffd569d0000 - 0x00007ffd569da000 	C:\Windows\SYSTEM32\VERSION.dll
0x00007ffd498e0000 - 0x00007ffd49907000 	C:\Windows\SYSTEM32\WINMM.dll
0x00007ffd5eec0000 - 0x00007ffd5eed2000 	C:\Windows\SYSTEM32\UMPDC.dll
0x00007ffd5e550000 - 0x00007ffd5e562000 	C:\Windows\SYSTEM32\kernel.appcore.dll
0x00007ffd5a6e0000 - 0x00007ffd5a6ea000 	C:\Program Files\Microsoft\jdk-17.0.13.11-hotspot\bin\jimage.dll
0x00007ffd57a30000 - 0x00007ffd57c14000 	C:\Windows\SYSTEM32\DBGHELP.DLL
0x00007ffd578f0000 - 0x00007ffd57924000 	C:\Windows\SYSTEM32\dbgcore.DLL
0x00007ffd5fb70000 - 0x00007ffd5fbf2000 	C:\Windows\System32\bcryptPrimitives.dll
0x00007ffd59220000 - 0x00007ffd5922e000 	C:\Program Files\Microsoft\jdk-17.0.13.11-hotspot\bin\instrument.dll
0x00007ffd594c0000 - 0x00007ffd594e5000 	C:\Program Files\Microsoft\jdk-17.0.13.11-hotspot\bin\java.dll
0x00007ffd3ce00000 - 0x00007ffd3ced7000 	C:\Program Files\Microsoft\jdk-17.0.13.11-hotspot\bin\jsvml.dll
0x00007ffd60a10000 - 0x00007ffd6117f000 	C:\Windows\System32\SHELL32.dll
0x00007ffd5d4f0000 - 0x00007ffd5dc93000 	C:\Windows\SYSTEM32\windows.storage.dll
0x00007ffd61390000 - 0x00007ffd616e5000 	C:\Windows\System32\combase.dll
0x00007ffd5f4f0000 - 0x00007ffd5f51b000 	C:\Windows\SYSTEM32\Wldp.dll
0x00007ffd60940000 - 0x00007ffd60a0d000 	C:\Windows\System32\OLEAUT32.dll
0x00007ffd61230000 - 0x00007ffd612dd000 	C:\Windows\System32\SHCORE.dll
0x00007ffd61b20000 - 0x00007ffd61b75000 	C:\Windows\System32\shlwapi.dll
0x00007ffd5f9f0000 - 0x00007ffd5fa15000 	C:\Windows\SYSTEM32\profapi.dll
0x00007ffd59290000 - 0x00007ffd592a8000 	C:\Program Files\Microsoft\jdk-17.0.13.11-hotspot\bin\zip.dll
0x00007ffd59900000 - 0x00007ffd5991a000 	C:\Program Files\Microsoft\jdk-17.0.13.11-hotspot\bin\net.dll
0x00007ffd56ba0000 - 0x00007ffd56caa000 	C:\Windows\SYSTEM32\WINHTTP.dll
0x00007ffd5f250000 - 0x00007ffd5f2bc000 	C:\Windows\system32\mswsock.dll
0x00007ffd59500000 - 0x00007ffd59516000 	C:\Program Files\Microsoft\jdk-17.0.13.11-hotspot\bin\nio.dll
0x00007ffd5a6b0000 - 0x00007ffd5a6c0000 	C:\Program Files\Microsoft\jdk-17.0.13.11-hotspot\bin\verify.dll
0x00007ffd59230000 - 0x00007ffd59257000 	C:\Users\Sohain\.gradle\native\1def1411415f61bf3af743bc5b6707747c0891f09f0c88961ee8f79bc544acac\windows-amd64\native-platform.dll
0x00007ffd4e890000 - 0x00007ffd4e908000 	C:\Users\Sohain\.gradle\native\0.2.7\x86_64-windows-gnu\gradle-fileevents.dll
0x00007ffd5a390000 - 0x00007ffd5a39a000 	C:\Program Files\Microsoft\jdk-17.0.13.11-hotspot\bin\management.dll
0x00007ffd5a2c0000 - 0x00007ffd5a2cb000 	C:\Program Files\Microsoft\jdk-17.0.13.11-hotspot\bin\management_ext.dll
0x00007ffd60770000 - 0x00007ffd60778000 	C:\Windows\System32\PSAPI.DLL
0x00007ffd5eee0000 - 0x00007ffd5ef1b000 	C:\Windows\SYSTEM32\IPHLPAPI.DLL
0x00007ffd620d0000 - 0x00007ffd620d8000 	C:\Windows\System32\NSI.dll
0x00007ffd57520000 - 0x00007ffd57537000 	C:\Windows\SYSTEM32\dhcpcsvc6.DLL
0x00007ffd57ee0000 - 0x00007ffd57efd000 	C:\Windows\SYSTEM32\dhcpcsvc.DLL
0x00007ffd5ef20000 - 0x00007ffd5efea000 	C:\Windows\SYSTEM32\DNSAPI.dll
0x00007ffd59780000 - 0x00007ffd59789000 	C:\Program Files\Microsoft\jdk-17.0.13.11-hotspot\bin\extnet.dll
0x00007ffd5f450000 - 0x00007ffd5f468000 	C:\Windows\SYSTEM32\CRYPTSP.dll
0x00007ffd5eb00000 - 0x00007ffd5eb38000 	C:\Windows\system32\rsaenh.dll
0x00007ffd5f970000 - 0x00007ffd5f99e000 	C:\Windows\SYSTEM32\USERENV.dll
0x00007ffd5f440000 - 0x00007ffd5f44c000 	C:\Windows\SYSTEM32\CRYPTBASE.dll
0x00007ffd59150000 - 0x00007ffd5915e000 	C:\Program Files\Microsoft\jdk-17.0.13.11-hotspot\bin\sunmscapi.dll
0x00007ffd5fef0000 - 0x00007ffd6004d000 	C:\Windows\System32\CRYPT32.dll
0x00007ffd5f560000 - 0x00007ffd5f587000 	C:\Windows\SYSTEM32\ncrypt.dll
0x00007ffd5f520000 - 0x00007ffd5f55b000 	C:\Windows\SYSTEM32\NTASN1.dll
0x00007ffd49010000 - 0x00007ffd49017000 	C:\Windows\system32\wshunix.dll
0x00007ffd18830000 - 0x00007ffd18847000 	C:\Windows\system32\napinsp.dll
0x00007ffd18810000 - 0x00007ffd1882b000 	C:\Windows\system32\pnrpnsp.dll
0x00007ffd410b0000 - 0x00007ffd410c5000 	C:\Windows\system32\wshbth.dll
0x00007ffd599b0000 - 0x00007ffd599cd000 	C:\Windows\system32\NLAapi.dll
0x00007ffd48070000 - 0x00007ffd48082000 	C:\Windows\System32\winrnr.dll
0x00007ffd4fec0000 - 0x00007ffd4feca000 	C:\Windows\System32\rasadhlp.dll
0x00007ffd51280000 - 0x00007ffd51300000 	C:\Windows\System32\fwpuclnt.dll
0x00007ffd5ed50000 - 0x00007ffd5ed83000 	C:\Windows\SYSTEM32\ntmarta.dll
0x00007ffd555e0000 - 0x00007ffd55621000 	C:\Users\Sohain\AppData\Local\Temp\jna--1813042086\jna8128121611029356252.dll

dbghelp: loaded successfully - version: 4.0.5 - missing functions: none
symbol engine: initialized successfully - sym options: 0x614 - pdb path: .;C:\Program Files\Microsoft\jdk-17.0.13.11-hotspot\bin;C:\Windows\SYSTEM32;C:\Windows\WinSxS\amd64_microsoft.windows.common-controls_6595b64144ccf1df_6.0.19041.4355_none_60b8b9eb71f62e16;C:\Program Files\Microsoft\jdk-17.0.13.11-hotspot\bin\server;C:\Users\Sohain\.gradle\native\1def1411415f61bf3af743bc5b6707747c0891f09f0c88961ee8f79bc544acac\windows-amd64;C:\Users\Sohain\.gradle\native\0.2.7\x86_64-windows-gnu;C:\Users\Sohain\AppData\Local\Temp\jna--1813042086

VM Arguments:
jvm_args: --add-opens=java.base/java.lang=ALL-UNNAMED --add-opens=java.base/java.lang.invoke=ALL-UNNAMED --add-opens=java.base/java.util=ALL-UNNAMED --add-opens=java.prefs/java.util.prefs=ALL-UNNAMED --add-exports=jdk.compiler/com.sun.tools.javac.api=ALL-UNNAMED --add-exports=jdk.compiler/com.sun.tools.javac.util=ALL-UNNAMED --add-opens=java.base/java.util=ALL-UNNAMED --add-opens=java.prefs/java.util.prefs=ALL-UNNAMED --add-opens=java.base/java.nio.charset=ALL-UNNAMED --add-opens=java.base/java.net=ALL-UNNAMED --add-opens=java.base/java.util.concurrent.atomic=ALL-UNNAMED --add-opens=java.xml/javax.xml.namespace=ALL-UNNAMED -XX:MaxMetaspaceSize=512m -Xmx2048m -Dfile.encoding=windows-1252 -Duser.country=US -Duser.language=en -Duser.variant -javaagent:C:\Users\Sohain\.gradle\wrapper\dists\gradle-8.13-bin\5xuhj0ry160q40clulazy9h7d\gradle-8.13\lib\agents\gradle-instrumentation-agent-8.13.jar 
java_command: org.gradle.launcher.daemon.bootstrap.GradleDaemon 8.13
java_class_path (initial): C:\Users\Sohain\.gradle\wrapper\dists\gradle-8.13-bin\5xuhj0ry160q40clulazy9h7d\gradle-8.13\lib\gradle-daemon-main-8.13.jar
Launcher Type: SUN_STANDARD

[Global flags]
     intx CICompilerCount                          = 3                                         {product} {ergonomic}
   size_t CompressedClassSpaceSize                 = 436207616                                 {product} {ergonomic}
     uint ConcGCThreads                            = 1                                         {product} {ergonomic}
     uint G1ConcRefinementThreads                  = 4                                         {product} {ergonomic}
   size_t G1HeapRegionSize                         = 1048576                                   {product} {ergonomic}
    uintx GCDrainStackTargetSize                   = 64                                        {product} {ergonomic}
   size_t InitialHeapSize                          = 134217728                                 {product} {ergonomic}
   size_t MarkStackSize                            = 4194304                                   {product} {ergonomic}
   size_t MaxHeapSize                              = 2147483648                                {product} {command line}
   size_t MaxMetaspaceSize                         = 536870912                                 {product} {command line}
   size_t MaxNewSize                               = 1287651328                                {product} {ergonomic}
   size_t MinHeapDeltaBytes                        = 1048576                                   {product} {ergonomic}
   size_t MinHeapSize                              = 8388608                                   {product} {ergonomic}
    uintx NonNMethodCodeHeapSize                   = 5832780                                {pd product} {ergonomic}
    uintx NonProfiledCodeHeapSize                  = 122912730                              {pd product} {ergonomic}
    uintx ProfiledCodeHeapSize                     = 122912730                              {pd product} {ergonomic}
    uintx ReservedCodeCacheSize                    = 251658240                              {pd product} {ergonomic}
     bool SegmentedCodeCache                       = true                                      {product} {ergonomic}
   size_t SoftMaxHeapSize                          = 2147483648                             {manageable} {ergonomic}
     bool UseCompressedClassPointers               = true                           {product lp64_product} {ergonomic}
     bool UseCompressedOops                        = true                           {product lp64_product} {ergonomic}
     bool UseG1GC                                  = true                                      {product} {ergonomic}
     bool UseLargePagesIndividualAllocation        = false                                  {pd product} {ergonomic}

Logging:
Log output configuration:
 #0: stdout all=warning uptime,level,tags
 #1: stderr all=off uptime,level,tags

Environment Variables:
JAVA_HOME=C:\Program Files\Microsoft\jdk-17.0.13.11-hotspot\
CLASSPATH=D:\Module B\React Native\JP Lectures\new_app\android\\gradle\wrapper\gradle-wrapper.jar
PATH=D:\Module B\React Native\JP Lectures\new_app\node_modules\.bin;D:\Module B\React Native\JP Lectures\node_modules\.bin;D:\Module B\React Native\node_modules\.bin;D:\Module B\node_modules\.bin;D:\node_modules\.bin;C:\Program Files\nodejs\node_modules\npm\node_modules\@npmcli\run-script\lib\node-gyp-bin;C:\Program Files\Microsoft\jdk-17.0.13.11-hotspot\bin;C:\Windows\system32;C:\Windows;C:\Windows\System32\Wbem;C:\Windows\System32\WindowsPowerShell\v1.0\;C:\Windows\System32\OpenSSH\;C:\Program Files (x86)\Microsoft SQL Server\160\Tools\Binn\;C:\Program Files\Microsoft SQL Server\160\Tools\Binn\;C:\Program Files\Microsoft SQL Server\Client SDK\ODBC\170\Tools\Binn\;C:\Program Files\Microsoft SQL Server\160\DTS\Binn\;C:\Program Files (x86)\Microsoft SQL Server\160\DTS\Binn\;C:\Program Files\dotnet\;C:\Program Files\Git\cmd;C:\ProgramData\chocolatey\bin;C:\Program Files\nodejs\;C:\Users\Sohain\AppData\Local\Android\Sdk\platforms;C:\Users\Sohain\AppData\Local\Android\Sdk\platform-tools;C:\Users\Sohain\AppData\Local\Android\Sdk\build-tools;C:\Users\Sohain\AppData\Local\Android\Sdk\emulator;C:\Users\Sohain\AppData\Local\Microsoft\WindowsApps;C:\Users\Sohain\AppData\Local\Programs\Microsoft VS Code\bin;C:\Program Files\Azure Data Studio\bin;C:\Users\Sohain\.dotnet\tools;C:\Users\Sohain\AppData\Roaming\npm;C:\Users\Sohain\AppData\Local\Android\Sdk\platforms;C:\Users\Sohain\AppData\Local\Android\Sdk\platform-tools;C:\Users\Sohain\AppData\Local\Android\Sdk\build-tools;C:\Users\Sohain\AppData\Local\Android\Sdk\emulator;
USERNAME=Sohain
OS=Windows_NT
PROCESSOR_IDENTIFIER=Intel64 Family 6 Model 60 Stepping 3, GenuineIntel
TMP=C:\Users\Sohain\AppData\Local\Temp
TEMP=C:\Users\Sohain\AppData\Local\Temp



Periodic native trim disabled


---------------  S Y S T E M  ---------------

OS:
 Windows 10 , 64 bit Build 19041 (10.0.19041.5678)
OS uptime: 0 days 8:04 hours

CPU: total 4 (initial active 4) (2 cores per cpu, 2 threads per core) family 6 model 60 stepping 3 microcode 0x28, cx8, cmov, fxsr, ht, mmx, sse, sse2, sse3, ssse3, sse4.1, sse4.2, popcnt, lzcnt, tsc, tscinvbit, avx, avx2, aes, erms, clmul, bmi1, bmi2, fma, vzeroupper, clflush
Processor Information for the first 4 processors :
  Max Mhz: 3001, Current Mhz: 3000, Mhz Limit: 2970

Memory: 4k page, system-wide physical 8089M (303M free)
TotalPageFile size 10901M (AvailPageFile size 3M)
current process WorkingSet (physical memory assigned to process): 402M, peak: 457M
current process commit charge ("private bytes"): 626M, peak: 678M

vm_info: OpenJDK 64-Bit Server VM (17.0.13+11-LTS) for windows-amd64 JRE (17.0.13+11-LTS), built on Oct 11 2024 23:25:05 by "MicrosoftCorporation" with unknown MS VC++:1939

END.
